{"/Users/mehdi/CascadeProjects/FunnelDoctor/frontend/public/bridging.js": {"path":"/Users/mehdi/CascadeProjects/FunnelDoctor/frontend/public/bridging.js","statementMap":{"0":{"start":{"line":11,"column":16},"end":{"line":11,"column":23}},"1":{"start":{"line":13,"column":13},"end":{"line":20,"column":1}},"2":{"start":{"line":25,"column":4},"end":{"line":28,"column":5}},"3":{"start":{"line":26,"column":6},"end":{"line":26,"column":112}},"4":{"start":{"line":27,"column":6},"end":{"line":27,"column":13}},"5":{"start":{"line":31,"column":4},"end":{"line":31,"column":31}},"6":{"start":{"line":34,"column":4},"end":{"line":34,"column":30}},"7":{"start":{"line":35,"column":4},"end":{"line":35,"column":29}},"8":{"start":{"line":38,"column":4},"end":{"line":38,"column":24}},"9":{"start":{"line":41,"column":4},"end":{"line":41,"column":28}},"10":{"start":{"line":44,"column":4},"end":{"line":44,"column":27}},"11":{"start":{"line":47,"column":4},"end":{"line":47,"column":28}},"12":{"start":{"line":50,"column":4},"end":{"line":52,"column":5}},"13":{"start":{"line":51,"column":6},"end":{"line":51,"column":92}},"14":{"start":{"line":58,"column":4},"end":{"line":60,"column":5}},"15":{"start":{"line":59,"column":6},"end":{"line":59,"column":48}},"16":{"start":{"line":63,"column":4},"end":{"line":63,"column":57}},"17":{"start":{"line":69,"column":4},"end":{"line":71,"column":5}},"18":{"start":{"line":70,"column":6},"end":{"line":70,"column":48}},"19":{"start":{"line":74,"column":23},"end":{"line":74,"column":58}},"20":{"start":{"line":75,"column":4},"end":{"line":75,"column":31}},"21":{"start":{"line":75,"column":21},"end":{"line":75,"column":31}},"22":{"start":{"line":77,"column":4},"end":{"line":86,"column":5}},"23":{"start":{"line":78,"column":22},"end":{"line":78,"column":44}},"24":{"start":{"line":79,"column":6},"end":{"line":81,"column":7}},"25":{"start":{"line":80,"column":8},"end":{"line":80,"column":36}},"26":{"start":{"line":82,"column":6},"end":{"line":82,"column":16}},"27":{"start":{"line":84,"column":6},"end":{"line":84,"column":96}},"28":{"start":{"line":85,"column":6},"end":{"line":85,"column":16}},"29":{"start":{"line":91,"column":19},"end":{"line":91,"column":71}},"30":{"start":{"line":92,"column":4},"end":{"line":92,"column":24}},"31":{"start":{"line":92,"column":17},"end":{"line":92,"column":24}},"32":{"start":{"line":95,"column":24},"end":{"line":95,"column":64}},"33":{"start":{"line":96,"column":4},"end":{"line":98,"column":5}},"34":{"start":{"line":97,"column":6},"end":{"line":97,"column":39}},"35":{"start":{"line":101,"column":18},"end":{"line":101,"column":51}},"36":{"start":{"line":102,"column":4},"end":{"line":104,"column":5}},"37":{"start":{"line":103,"column":6},"end":{"line":103,"column":26}},"38":{"start":{"line":107,"column":30},"end":{"line":107,"column":76}},"39":{"start":{"line":108,"column":4},"end":{"line":110,"column":5}},"40":{"start":{"line":109,"column":6},"end":{"line":109,"column":59}},"41":{"start":{"line":112,"column":29},"end":{"line":112,"column":74}},"42":{"start":{"line":113,"column":4},"end":{"line":115,"column":5}},"43":{"start":{"line":114,"column":6},"end":{"line":114,"column":57}},"44":{"start":{"line":120,"column":20},"end":{"line":120,"column":79}},"45":{"start":{"line":121,"column":4},"end":{"line":123,"column":5}},"46":{"start":{"line":122,"column":6},"end":{"line":122,"column":96}},"47":{"start":{"line":125,"column":4},"end":{"line":138,"column":7}},"48":{"start":{"line":127,"column":6},"end":{"line":127,"column":67}},"49":{"start":{"line":127,"column":60},"end":{"line":127,"column":67}},"50":{"start":{"line":129,"column":6},"end":{"line":129,"column":63}},"51":{"start":{"line":130,"column":6},"end":{"line":130,"column":60}},"52":{"start":{"line":133,"column":6},"end":{"line":133,"column":37}},"53":{"start":{"line":135,"column":6},"end":{"line":137,"column":7}},"54":{"start":{"line":136,"column":8},"end":{"line":136,"column":99}},"55":{"start":{"line":143,"column":22},"end":{"line":143,"column":36}},"56":{"start":{"line":144,"column":4},"end":{"line":144,"column":27}},"57":{"start":{"line":144,"column":20},"end":{"line":144,"column":27}},"58":{"start":{"line":147,"column":4},"end":{"line":167,"column":5}},"59":{"start":{"line":148,"column":19},"end":{"line":148,"column":46}},"60":{"start":{"line":149,"column":6},"end":{"line":166,"column":7}},"61":{"start":{"line":150,"column":8},"end":{"line":165,"column":9}},"62":{"start":{"line":151,"column":22},"end":{"line":151,"column":35}},"63":{"start":{"line":152,"column":10},"end":{"line":152,"column":59}},"64":{"start":{"line":153,"column":10},"end":{"line":153,"column":56}},"65":{"start":{"line":154,"column":10},"end":{"line":154,"column":54}},"66":{"start":{"line":156,"column":10},"end":{"line":162,"column":11}},"67":{"start":{"line":157,"column":12},"end":{"line":161,"column":15}},"68":{"start":{"line":164,"column":10},"end":{"line":164,"column":108}},"69":{"start":{"line":170,"column":4},"end":{"line":190,"column":5}},"70":{"start":{"line":171,"column":22},"end":{"line":171,"column":53}},"71":{"start":{"line":172,"column":6},"end":{"line":189,"column":7}},"72":{"start":{"line":173,"column":8},"end":{"line":188,"column":9}},"73":{"start":{"line":174,"column":22},"end":{"line":174,"column":38}},"74":{"start":{"line":175,"column":10},"end":{"line":175,"column":59}},"75":{"start":{"line":176,"column":10},"end":{"line":176,"column":56}},"76":{"start":{"line":177,"column":10},"end":{"line":177,"column":58}},"77":{"start":{"line":179,"column":10},"end":{"line":185,"column":11}},"78":{"start":{"line":180,"column":12},"end":{"line":184,"column":15}},"79":{"start":{"line":187,"column":10},"end":{"line":187,"column":110}},"80":{"start":{"line":195,"column":22},"end":{"line":195,"column":36}},"81":{"start":{"line":196,"column":4},"end":{"line":196,"column":27}},"82":{"start":{"line":196,"column":20},"end":{"line":196,"column":27}},"83":{"start":{"line":198,"column":19},"end":{"line":198,"column":34}},"84":{"start":{"line":201,"column":4},"end":{"line":209,"column":5}},"85":{"start":{"line":202,"column":6},"end":{"line":208,"column":9}},"86":{"start":{"line":216,"column":4},"end":{"line":234,"column":5}},"87":{"start":{"line":218,"column":6},"end":{"line":233,"column":7}},"88":{"start":{"line":219,"column":8},"end":{"line":230,"column":9}},"89":{"start":{"line":221,"column":10},"end":{"line":221,"column":64}},"90":{"start":{"line":222,"column":10},"end":{"line":222,"column":61}},"91":{"start":{"line":224,"column":10},"end":{"line":229,"column":11}},"92":{"start":{"line":225,"column":12},"end":{"line":228,"column":15}},"93":{"start":{"line":232,"column":8},"end":{"line":232,"column":109}},"94":{"start":{"line":239,"column":20},"end":{"line":239,"column":78}},"95":{"start":{"line":240,"column":4},"end":{"line":242,"column":5}},"96":{"start":{"line":241,"column":6},"end":{"line":241,"column":99}},"97":{"start":{"line":244,"column":4},"end":{"line":254,"column":7}},"98":{"start":{"line":246,"column":6},"end":{"line":246,"column":67}},"99":{"start":{"line":246,"column":60},"end":{"line":246,"column":67}},"100":{"start":{"line":248,"column":6},"end":{"line":248,"column":63}},"101":{"start":{"line":249,"column":6},"end":{"line":249,"column":59}},"102":{"start":{"line":251,"column":6},"end":{"line":253,"column":7}},"103":{"start":{"line":252,"column":8},"end":{"line":252,"column":102}},"104":{"start":{"line":259,"column":22},"end":{"line":259,"column":36}},"105":{"start":{"line":260,"column":4},"end":{"line":260,"column":27}},"106":{"start":{"line":260,"column":20},"end":{"line":260,"column":27}},"107":{"start":{"line":262,"column":19},"end":{"line":262,"column":34}},"108":{"start":{"line":265,"column":4},"end":{"line":273,"column":5}},"109":{"start":{"line":266,"column":6},"end":{"line":272,"column":9}},"110":{"start":{"line":276,"column":20},"end":{"line":276,"column":56}},"111":{"start":{"line":277,"column":23},"end":{"line":277,"column":86}},"112":{"start":{"line":278,"column":22},"end":{"line":278,"column":84}},"113":{"start":{"line":281,"column":4},"end":{"line":294,"column":5}},"114":{"start":{"line":282,"column":6},"end":{"line":282,"column":25}},"115":{"start":{"line":284,"column":6},"end":{"line":293,"column":9}},"116":{"start":{"line":299,"column":22},"end":{"line":299,"column":36}},"117":{"start":{"line":300,"column":4},"end":{"line":303,"column":5}},"118":{"start":{"line":301,"column":6},"end":{"line":301,"column":91}},"119":{"start":{"line":302,"column":6},"end":{"line":302,"column":70}},"120":{"start":{"line":305,"column":4},"end":{"line":308,"column":5}},"121":{"start":{"line":306,"column":6},"end":{"line":306,"column":95}},"122":{"start":{"line":307,"column":6},"end":{"line":307,"column":57}},"123":{"start":{"line":310,"column":20},"end":{"line":318,"column":5}},"124":{"start":{"line":320,"column":4},"end":{"line":322,"column":5}},"125":{"start":{"line":321,"column":6},"end":{"line":321,"column":88}},"126":{"start":{"line":325,"column":4},"end":{"line":350,"column":7}},"127":{"start":{"line":331,"column":6},"end":{"line":333,"column":7}},"128":{"start":{"line":332,"column":8},"end":{"line":332,"column":77}},"129":{"start":{"line":334,"column":6},"end":{"line":334,"column":29}},"130":{"start":{"line":337,"column":6},"end":{"line":339,"column":7}},"131":{"start":{"line":338,"column":8},"end":{"line":338,"column":81}},"132":{"start":{"line":341,"column":6},"end":{"line":343,"column":7}},"133":{"start":{"line":342,"column":8},"end":{"line":342,"column":40}},"134":{"start":{"line":345,"column":6},"end":{"line":345,"column":18}},"135":{"start":{"line":348,"column":6},"end":{"line":348,"column":105}},"136":{"start":{"line":349,"column":6},"end":{"line":349,"column":18}},"137":{"start":{"line":356,"column":4},"end":{"line":356,"column":41}},"138":{"start":{"line":356,"column":34},"end":{"line":356,"column":41}},"139":{"start":{"line":358,"column":21},"end":{"line":388,"column":6}},"140":{"start":{"line":359,"column":32},"end":{"line":359,"column":37}},"141":{"start":{"line":360,"column":31},"end":{"line":360,"column":36}},"142":{"start":{"line":362,"column":6},"end":{"line":383,"column":9}},"143":{"start":{"line":363,"column":8},"end":{"line":382,"column":9}},"144":{"start":{"line":364,"column":10},"end":{"line":381,"column":13}},"145":{"start":{"line":366,"column":12},"end":{"line":380,"column":13}},"146":{"start":{"line":367,"column":14},"end":{"line":372,"column":15}},"147":{"start":{"line":371,"column":16},"end":{"line":371,"column":43}},"148":{"start":{"line":374,"column":14},"end":{"line":379,"column":15}},"149":{"start":{"line":378,"column":16},"end":{"line":378,"column":42}},"150":{"start":{"line":386,"column":6},"end":{"line":386,"column":57}},"151":{"start":{"line":386,"column":31},"end":{"line":386,"column":57}},"152":{"start":{"line":387,"column":6},"end":{"line":387,"column":55}},"153":{"start":{"line":387,"column":30},"end":{"line":387,"column":55}},"154":{"start":{"line":391,"column":4},"end":{"line":394,"column":7}},"155":{"start":{"line":396,"column":4},"end":{"line":398,"column":5}},"156":{"start":{"line":397,"column":6},"end":{"line":397,"column":75}},"157":{"start":{"line":404,"column":4},"end":{"line":524,"column":7}},"158":{"start":{"line":406,"column":6},"end":{"line":406,"column":61}},"159":{"start":{"line":406,"column":54},"end":{"line":406,"column":61}},"160":{"start":{"line":408,"column":19},"end":{"line":408,"column":31}},"161":{"start":{"line":413,"column":8},"end":{"line":422,"column":37}},"162":{"start":{"line":427,"column":8},"end":{"line":436,"column":55}},"163":{"start":{"line":439,"column":6},"end":{"line":439,"column":41}},"164":{"start":{"line":439,"column":34},"end":{"line":439,"column":41}},"165":{"start":{"line":442,"column":23},"end":{"line":442,"column":27}},"166":{"start":{"line":445,"column":6},"end":{"line":445,"column":61}},"167":{"start":{"line":448,"column":6},"end":{"line":450,"column":7}},"168":{"start":{"line":449,"column":8},"end":{"line":449,"column":63}},"169":{"start":{"line":453,"column":6},"end":{"line":455,"column":7}},"170":{"start":{"line":454,"column":8},"end":{"line":454,"column":71}},"171":{"start":{"line":458,"column":6},"end":{"line":460,"column":7}},"172":{"start":{"line":459,"column":8},"end":{"line":459,"column":71}},"173":{"start":{"line":463,"column":6},"end":{"line":474,"column":7}},"174":{"start":{"line":464,"column":23},"end":{"line":464,"column":53}},"175":{"start":{"line":465,"column":8},"end":{"line":473,"column":9}},"176":{"start":{"line":466,"column":23},"end":{"line":466,"column":54}},"177":{"start":{"line":467,"column":21},"end":{"line":467,"column":50}},"178":{"start":{"line":469,"column":10},"end":{"line":472,"column":11}},"179":{"start":{"line":470,"column":12},"end":{"line":470,"column":31}},"180":{"start":{"line":471,"column":12},"end":{"line":471,"column":18}},"181":{"start":{"line":477,"column":6},"end":{"line":482,"column":7}},"182":{"start":{"line":478,"column":8},"end":{"line":480,"column":9}},"183":{"start":{"line":479,"column":10},"end":{"line":479,"column":109}},"184":{"start":{"line":481,"column":8},"end":{"line":481,"column":15}},"185":{"start":{"line":484,"column":20},"end":{"line":484,"column":43}},"186":{"start":{"line":485,"column":24},"end":{"line":485,"column":38}},"187":{"start":{"line":488,"column":6},"end":{"line":496,"column":7}},"188":{"start":{"line":489,"column":8},"end":{"line":494,"column":9}},"189":{"start":{"line":490,"column":10},"end":{"line":493,"column":13}},"190":{"start":{"line":495,"column":8},"end":{"line":495,"column":15}},"191":{"start":{"line":499,"column":19},"end":{"line":510,"column":7}},"192":{"start":{"line":513,"column":19},"end":{"line":513,"column":103}},"193":{"start":{"line":515,"column":6},"end":{"line":521,"column":7}},"194":{"start":{"line":516,"column":8},"end":{"line":520,"column":11}},"195":{"start":{"line":526,"column":4},"end":{"line":528,"column":5}},"196":{"start":{"line":527,"column":6},"end":{"line":527,"column":84}},"197":{"start":{"line":534,"column":4},"end":{"line":595,"column":7}},"198":{"start":{"line":537,"column":31},"end":{"line":538,"column":66}},"199":{"start":{"line":541,"column":30},"end":{"line":543,"column":68}},"200":{"start":{"line":546,"column":6},"end":{"line":546,"column":35}},"201":{"start":{"line":546,"column":28},"end":{"line":546,"column":35}},"202":{"start":{"line":549,"column":6},"end":{"line":594,"column":7}},"203":{"start":{"line":550,"column":8},"end":{"line":552,"column":9}},"204":{"start":{"line":551,"column":10},"end":{"line":551,"column":87}},"205":{"start":{"line":555,"column":26},"end":{"line":555,"column":40}},"206":{"start":{"line":556,"column":8},"end":{"line":561,"column":9}},"207":{"start":{"line":557,"column":10},"end":{"line":559,"column":11}},"208":{"start":{"line":558,"column":12},"end":{"line":558,"column":106}},"209":{"start":{"line":560,"column":10},"end":{"line":560,"column":17}},"210":{"start":{"line":564,"column":24},"end":{"line":564,"column":48}},"211":{"start":{"line":568,"column":21},"end":{"line":582,"column":9}},"212":{"start":{"line":585,"column":21},"end":{"line":585,"column":105}},"213":{"start":{"line":587,"column":8},"end":{"line":593,"column":9}},"214":{"start":{"line":588,"column":10},"end":{"line":592,"column":13}},"215":{"start":{"line":597,"column":4},"end":{"line":599,"column":5}},"216":{"start":{"line":598,"column":6},"end":{"line":598,"column":86}},"217":{"start":{"line":605,"column":23},"end":{"line":605,"column":105}},"218":{"start":{"line":608,"column":4},"end":{"line":613,"column":5}},"219":{"start":{"line":609,"column":6},"end":{"line":611,"column":7}},"220":{"start":{"line":610,"column":8},"end":{"line":610,"column":91}},"221":{"start":{"line":612,"column":6},"end":{"line":612,"column":13}},"222":{"start":{"line":615,"column":4},"end":{"line":617,"column":5}},"223":{"start":{"line":616,"column":6},"end":{"line":616,"column":104}},"224":{"start":{"line":620,"column":26},"end":{"line":620,"column":78}},"225":{"start":{"line":621,"column":4},"end":{"line":634,"column":7}},"226":{"start":{"line":622,"column":6},"end":{"line":633,"column":7}},"227":{"start":{"line":623,"column":20},"end":{"line":623,"column":38}},"228":{"start":{"line":625,"column":8},"end":{"line":625,"column":50}},"229":{"start":{"line":626,"column":8},"end":{"line":626,"column":35}},"230":{"start":{"line":628,"column":8},"end":{"line":630,"column":9}},"231":{"start":{"line":629,"column":10},"end":{"line":629,"column":95}},"232":{"start":{"line":632,"column":8},"end":{"line":632,"column":99}},"233":{"start":{"line":637,"column":21},"end":{"line":668,"column":6}},"234":{"start":{"line":638,"column":6},"end":{"line":667,"column":9}},"235":{"start":{"line":639,"column":8},"end":{"line":666,"column":9}},"236":{"start":{"line":640,"column":10},"end":{"line":665,"column":13}},"237":{"start":{"line":641,"column":12},"end":{"line":664,"column":13}},"238":{"start":{"line":643,"column":14},"end":{"line":651,"column":15}},"239":{"start":{"line":644,"column":16},"end":{"line":650,"column":17}},"240":{"start":{"line":645,"column":30},"end":{"line":645,"column":48}},"241":{"start":{"line":646,"column":18},"end":{"line":646,"column":60}},"242":{"start":{"line":647,"column":18},"end":{"line":647,"column":45}},"243":{"start":{"line":649,"column":18},"end":{"line":649,"column":120}},"244":{"start":{"line":654,"column":33},"end":{"line":654,"column":81}},"245":{"start":{"line":655,"column":14},"end":{"line":663,"column":17}},"246":{"start":{"line":656,"column":16},"end":{"line":662,"column":17}},"247":{"start":{"line":657,"column":30},"end":{"line":657,"column":48}},"248":{"start":{"line":658,"column":18},"end":{"line":658,"column":60}},"249":{"start":{"line":659,"column":18},"end":{"line":659,"column":45}},"250":{"start":{"line":661,"column":18},"end":{"line":661,"column":119}},"251":{"start":{"line":671,"column":4},"end":{"line":674,"column":7}},"252":{"start":{"line":676,"column":4},"end":{"line":678,"column":5}},"253":{"start":{"line":677,"column":6},"end":{"line":677,"column":79}},"254":{"start":{"line":681,"column":4},"end":{"line":701,"column":7}},"255":{"start":{"line":682,"column":6},"end":{"line":682,"column":61}},"256":{"start":{"line":682,"column":54},"end":{"line":682,"column":61}},"257":{"start":{"line":684,"column":19},"end":{"line":684,"column":31}},"258":{"start":{"line":685,"column":25},"end":{"line":687,"column":72}},"259":{"start":{"line":689,"column":6},"end":{"line":700,"column":7}},"260":{"start":{"line":690,"column":22},"end":{"line":690,"column":45}},"261":{"start":{"line":691,"column":8},"end":{"line":699,"column":9}},"262":{"start":{"line":693,"column":10},"end":{"line":693,"column":56}},"263":{"start":{"line":694,"column":10},"end":{"line":694,"column":58}},"264":{"start":{"line":696,"column":10},"end":{"line":698,"column":11}},"265":{"start":{"line":697,"column":12},"end":{"line":697,"column":101}},"266":{"start":{"line":707,"column":2},"end":{"line":707,"column":78}},"267":{"start":{"line":707,"column":32},"end":{"line":707,"column":78}},"268":{"start":{"line":708,"column":2},"end":{"line":708,"column":74}},"269":{"start":{"line":708,"column":40},"end":{"line":708,"column":74}},"270":{"start":{"line":709,"column":2},"end":{"line":716,"column":3}},"271":{"start":{"line":710,"column":4},"end":{"line":712,"column":5}},"272":{"start":{"line":711,"column":6},"end":{"line":711,"column":80}},"273":{"start":{"line":713,"column":4},"end":{"line":715,"column":5}},"274":{"start":{"line":714,"column":6},"end":{"line":714,"column":78}},"275":{"start":{"line":718,"column":2},"end":{"line":718,"column":15}},"276":{"start":{"line":722,"column":0},"end":{"line":736,"column":1}},"277":{"start":{"line":724,"column":2},"end":{"line":728,"column":4}},"278":{"start":{"line":731,"column":2},"end":{"line":735,"column":3}},"279":{"start":{"line":732,"column":4},"end":{"line":732,"column":62}},"280":{"start":{"line":734,"column":4},"end":{"line":734,"column":17}},"281":{"start":{"line":739,"column":0},"end":{"line":759,"column":1}},"282":{"start":{"line":740,"column":2},"end":{"line":758,"column":4}}},"fnMap":{"0":{"name":"initialize","decl":{"start":{"line":23,"column":11},"end":{"line":23,"column":21}},"loc":{"start":{"line":23,"column":24},"end":{"line":53,"column":3}},"line":23},"1":{"name":"getVisitorId","decl":{"start":{"line":56,"column":11},"end":{"line":56,"column":23}},"loc":{"start":{"line":56,"column":26},"end":{"line":64,"column":3}},"line":56},"2":{"name":"getStoredUTMParams","decl":{"start":{"line":67,"column":11},"end":{"line":67,"column":29}},"loc":{"start":{"line":67,"column":32},"end":{"line":87,"column":3}},"line":67},"3":{"name":"initializeFromAttributes","decl":{"start":{"line":90,"column":11},"end":{"line":90,"column":35}},"loc":{"start":{"line":90,"column":38},"end":{"line":116,"column":3}},"line":90},"4":{"name":"attachToCalendlyButtons","decl":{"start":{"line":119,"column":11},"end":{"line":119,"column":34}},"loc":{"start":{"line":119,"column":37},"end":{"line":139,"column":3}},"line":119},"5":{"name":"(anonymous_5)","decl":{"start":{"line":125,"column":20},"end":{"line":125,"column":21}},"loc":{"start":{"line":125,"column":30},"end":{"line":138,"column":5}},"line":125},"6":{"name":"preprocessCalendlyLink","decl":{"start":{"line":142,"column":11},"end":{"line":142,"column":33}},"loc":{"start":{"line":142,"column":42},"end":{"line":191,"column":3}},"line":142},"7":{"name":"handleCalendlyClick","decl":{"start":{"line":194,"column":11},"end":{"line":194,"column":30}},"loc":{"start":{"line":194,"column":34},"end":{"line":235,"column":3}},"line":194},"8":{"name":"attachToPaymentButtons","decl":{"start":{"line":238,"column":11},"end":{"line":238,"column":33}},"loc":{"start":{"line":238,"column":36},"end":{"line":255,"column":3}},"line":238},"9":{"name":"(anonymous_9)","decl":{"start":{"line":244,"column":20},"end":{"line":244,"column":21}},"loc":{"start":{"line":244,"column":30},"end":{"line":254,"column":5}},"line":244},"10":{"name":"handlePaymentClick","decl":{"start":{"line":258,"column":11},"end":{"line":258,"column":29}},"loc":{"start":{"line":258,"column":33},"end":{"line":295,"column":3}},"line":258},"11":{"name":"createStripeCheckout","decl":{"start":{"line":298,"column":11},"end":{"line":298,"column":31}},"loc":{"start":{"line":298,"column":46},"end":{"line":351,"column":3}},"line":298},"12":{"name":"(anonymous_12)","decl":{"start":{"line":330,"column":10},"end":{"line":330,"column":11}},"loc":{"start":{"line":330,"column":22},"end":{"line":335,"column":5}},"line":330},"13":{"name":"(anonymous_13)","decl":{"start":{"line":336,"column":10},"end":{"line":336,"column":11}},"loc":{"start":{"line":336,"column":18},"end":{"line":346,"column":5}},"line":336},"14":{"name":"(anonymous_14)","decl":{"start":{"line":347,"column":11},"end":{"line":347,"column":12}},"loc":{"start":{"line":347,"column":20},"end":{"line":350,"column":5}},"line":347},"15":{"name":"setupMutationObserver","decl":{"start":{"line":354,"column":11},"end":{"line":354,"column":32}},"loc":{"start":{"line":354,"column":35},"end":{"line":399,"column":3}},"line":354},"16":{"name":"(anonymous_16)","decl":{"start":{"line":358,"column":42},"end":{"line":358,"column":43}},"loc":{"start":{"line":358,"column":55},"end":{"line":388,"column":5}},"line":358},"17":{"name":"(anonymous_17)","decl":{"start":{"line":362,"column":24},"end":{"line":362,"column":25}},"loc":{"start":{"line":362,"column":36},"end":{"line":383,"column":7}},"line":362},"18":{"name":"(anonymous_18)","decl":{"start":{"line":364,"column":38},"end":{"line":364,"column":39}},"loc":{"start":{"line":364,"column":46},"end":{"line":381,"column":11}},"line":364},"19":{"name":"setupFormListener","decl":{"start":{"line":402,"column":11},"end":{"line":402,"column":28}},"loc":{"start":{"line":402,"column":31},"end":{"line":529,"column":3}},"line":402},"20":{"name":"(anonymous_20)","decl":{"start":{"line":404,"column":40},"end":{"line":404,"column":41}},"loc":{"start":{"line":404,"column":56},"end":{"line":524,"column":5}},"line":404},"21":{"name":"setupCalendlyListener","decl":{"start":{"line":532,"column":11},"end":{"line":532,"column":32}},"loc":{"start":{"line":532,"column":35},"end":{"line":600,"column":3}},"line":532},"22":{"name":"(anonymous_22)","decl":{"start":{"line":534,"column":39},"end":{"line":534,"column":40}},"loc":{"start":{"line":534,"column":55},"end":{"line":595,"column":5}},"line":534},"23":{"name":"setupCalendlyPrefill","decl":{"start":{"line":603,"column":11},"end":{"line":603,"column":31}},"loc":{"start":{"line":603,"column":34},"end":{"line":702,"column":3}},"line":603},"24":{"name":"(anonymous_24)","decl":{"start":{"line":621,"column":26},"end":{"line":621,"column":27}},"loc":{"start":{"line":621,"column":34},"end":{"line":634,"column":5}},"line":621},"25":{"name":"(anonymous_25)","decl":{"start":{"line":637,"column":42},"end":{"line":637,"column":43}},"loc":{"start":{"line":637,"column":55},"end":{"line":668,"column":5}},"line":637},"26":{"name":"(anonymous_26)","decl":{"start":{"line":638,"column":24},"end":{"line":638,"column":25}},"loc":{"start":{"line":638,"column":36},"end":{"line":667,"column":7}},"line":638},"27":{"name":"(anonymous_27)","decl":{"start":{"line":640,"column":38},"end":{"line":640,"column":39}},"loc":{"start":{"line":640,"column":46},"end":{"line":665,"column":11}},"line":640},"28":{"name":"(anonymous_28)","decl":{"start":{"line":655,"column":33},"end":{"line":655,"column":34}},"loc":{"start":{"line":655,"column":41},"end":{"line":663,"column":15}},"line":655},"29":{"name":"(anonymous_29)","decl":{"start":{"line":681,"column":40},"end":{"line":681,"column":41}},"loc":{"start":{"line":681,"column":56},"end":{"line":701,"column":5}},"line":681},"30":{"name":"init","decl":{"start":{"line":705,"column":9},"end":{"line":705,"column":13}},"loc":{"start":{"line":705,"column":33},"end":{"line":719,"column":1}},"line":705}},"branchMap":{"0":{"loc":{"start":{"line":25,"column":4},"end":{"line":28,"column":5}},"type":"if","locations":[{"start":{"line":25,"column":4},"end":{"line":28,"column":5}},{"start":{},"end":{}}],"line":25},"1":{"loc":{"start":{"line":25,"column":8},"end":{"line":25,"column":137}},"type":"binary-expr","locations":[{"start":{"line":25,"column":8},"end":{"line":25,"column":50}},{"start":{"line":25,"column":54},"end":{"line":25,"column":137}}],"line":25},"2":{"loc":{"start":{"line":25,"column":56},"end":{"line":25,"column":136}},"type":"binary-expr","locations":[{"start":{"line":25,"column":56},"end":{"line":25,"column":86}},{"start":{"line":25,"column":90},"end":{"line":25,"column":101}},{"start":{"line":25,"column":105},"end":{"line":25,"column":136}}],"line":25},"3":{"loc":{"start":{"line":50,"column":4},"end":{"line":52,"column":5}},"type":"if","locations":[{"start":{"line":50,"column":4},"end":{"line":52,"column":5}},{"start":{},"end":{}}],"line":50},"4":{"loc":{"start":{"line":58,"column":4},"end":{"line":60,"column":5}},"type":"if","locations":[{"start":{"line":58,"column":4},"end":{"line":60,"column":5}},{"start":{},"end":{}}],"line":58},"5":{"loc":{"start":{"line":58,"column":8},"end":{"line":58,"column":85}},"type":"binary-expr","locations":[{"start":{"line":58,"column":8},"end":{"line":58,"column":27}},{"start":{"line":58,"column":31},"end":{"line":58,"column":85}}],"line":58},"6":{"loc":{"start":{"line":63,"column":11},"end":{"line":63,"column":56}},"type":"binary-expr","locations":[{"start":{"line":63,"column":11},"end":{"line":63,"column":48}},{"start":{"line":63,"column":52},"end":{"line":63,"column":56}}],"line":63},"7":{"loc":{"start":{"line":69,"column":4},"end":{"line":71,"column":5}},"type":"if","locations":[{"start":{"line":69,"column":4},"end":{"line":71,"column":5}},{"start":{},"end":{}}],"line":69},"8":{"loc":{"start":{"line":69,"column":8},"end":{"line":69,"column":85}},"type":"binary-expr","locations":[{"start":{"line":69,"column":8},"end":{"line":69,"column":27}},{"start":{"line":69,"column":31},"end":{"line":69,"column":85}}],"line":69},"9":{"loc":{"start":{"line":75,"column":4},"end":{"line":75,"column":31}},"type":"if","locations":[{"start":{"line":75,"column":4},"end":{"line":75,"column":31}},{"start":{},"end":{}}],"line":75},"10":{"loc":{"start":{"line":79,"column":6},"end":{"line":81,"column":7}},"type":"if","locations":[{"start":{"line":79,"column":6},"end":{"line":81,"column":7}},{"start":{},"end":{}}],"line":79},"11":{"loc":{"start":{"line":79,"column":10},"end":{"line":79,"column":57}},"type":"binary-expr","locations":[{"start":{"line":79,"column":10},"end":{"line":79,"column":25}},{"start":{"line":79,"column":29},"end":{"line":79,"column":57}}],"line":79},"12":{"loc":{"start":{"line":80,"column":15},"end":{"line":80,"column":35}},"type":"binary-expr","locations":[{"start":{"line":80,"column":15},"end":{"line":80,"column":29}},{"start":{"line":80,"column":33},"end":{"line":80,"column":35}}],"line":80},"13":{"loc":{"start":{"line":92,"column":4},"end":{"line":92,"column":24}},"type":"if","locations":[{"start":{"line":92,"column":4},"end":{"line":92,"column":24}},{"start":{},"end":{}}],"line":92},"14":{"loc":{"start":{"line":96,"column":4},"end":{"line":98,"column":5}},"type":"if","locations":[{"start":{"line":96,"column":4},"end":{"line":98,"column":5}},{"start":{},"end":{}}],"line":96},"15":{"loc":{"start":{"line":102,"column":4},"end":{"line":104,"column":5}},"type":"if","locations":[{"start":{"line":102,"column":4},"end":{"line":104,"column":5}},{"start":{},"end":{}}],"line":102},"16":{"loc":{"start":{"line":108,"column":4},"end":{"line":110,"column":5}},"type":"if","locations":[{"start":{"line":108,"column":4},"end":{"line":110,"column":5}},{"start":{},"end":{}}],"line":108},"17":{"loc":{"start":{"line":113,"column":4},"end":{"line":115,"column":5}},"type":"if","locations":[{"start":{"line":113,"column":4},"end":{"line":115,"column":5}},{"start":{},"end":{}}],"line":113},"18":{"loc":{"start":{"line":121,"column":4},"end":{"line":123,"column":5}},"type":"if","locations":[{"start":{"line":121,"column":4},"end":{"line":123,"column":5}},{"start":{},"end":{}}],"line":121},"19":{"loc":{"start":{"line":127,"column":6},"end":{"line":127,"column":67}},"type":"if","locations":[{"start":{"line":127,"column":6},"end":{"line":127,"column":67}},{"start":{},"end":{}}],"line":127},"20":{"loc":{"start":{"line":135,"column":6},"end":{"line":137,"column":7}},"type":"if","locations":[{"start":{"line":135,"column":6},"end":{"line":137,"column":7}},{"start":{},"end":{}}],"line":135},"21":{"loc":{"start":{"line":144,"column":4},"end":{"line":144,"column":27}},"type":"if","locations":[{"start":{"line":144,"column":4},"end":{"line":144,"column":27}},{"start":{},"end":{}}],"line":144},"22":{"loc":{"start":{"line":147,"column":4},"end":{"line":167,"column":5}},"type":"if","locations":[{"start":{"line":147,"column":4},"end":{"line":167,"column":5}},{"start":{},"end":{}}],"line":147},"23":{"loc":{"start":{"line":147,"column":8},"end":{"line":147,"column":75}},"type":"binary-expr","locations":[{"start":{"line":147,"column":8},"end":{"line":147,"column":44}},{"start":{"line":147,"column":48},"end":{"line":147,"column":75}}],"line":147},"24":{"loc":{"start":{"line":149,"column":6},"end":{"line":166,"column":7}},"type":"if","locations":[{"start":{"line":149,"column":6},"end":{"line":166,"column":7}},{"start":{},"end":{}}],"line":149},"25":{"loc":{"start":{"line":149,"column":10},"end":{"line":149,"column":47}},"type":"binary-expr","locations":[{"start":{"line":149,"column":10},"end":{"line":149,"column":14}},{"start":{"line":149,"column":18},"end":{"line":149,"column":47}}],"line":149},"26":{"loc":{"start":{"line":156,"column":10},"end":{"line":162,"column":11}},"type":"if","locations":[{"start":{"line":156,"column":10},"end":{"line":162,"column":11}},{"start":{},"end":{}}],"line":156},"27":{"loc":{"start":{"line":170,"column":4},"end":{"line":190,"column":5}},"type":"if","locations":[{"start":{"line":170,"column":4},"end":{"line":190,"column":5}},{"start":{},"end":{}}],"line":170},"28":{"loc":{"start":{"line":172,"column":6},"end":{"line":189,"column":7}},"type":"if","locations":[{"start":{"line":172,"column":6},"end":{"line":189,"column":7}},{"start":{},"end":{}}],"line":172},"29":{"loc":{"start":{"line":172,"column":10},"end":{"line":172,"column":53}},"type":"binary-expr","locations":[{"start":{"line":172,"column":10},"end":{"line":172,"column":17}},{"start":{"line":172,"column":21},"end":{"line":172,"column":53}}],"line":172},"30":{"loc":{"start":{"line":179,"column":10},"end":{"line":185,"column":11}},"type":"if","locations":[{"start":{"line":179,"column":10},"end":{"line":185,"column":11}},{"start":{},"end":{}}],"line":179},"31":{"loc":{"start":{"line":196,"column":4},"end":{"line":196,"column":27}},"type":"if","locations":[{"start":{"line":196,"column":4},"end":{"line":196,"column":27}},{"start":{},"end":{}}],"line":196},"32":{"loc":{"start":{"line":201,"column":4},"end":{"line":209,"column":5}},"type":"if","locations":[{"start":{"line":201,"column":4},"end":{"line":209,"column":5}},{"start":{},"end":{}}],"line":201},"33":{"loc":{"start":{"line":201,"column":8},"end":{"line":201,"column":78}},"type":"binary-expr","locations":[{"start":{"line":201,"column":8},"end":{"line":201,"column":27}},{"start":{"line":201,"column":31},"end":{"line":201,"column":78}}],"line":201},"34":{"loc":{"start":{"line":205,"column":20},"end":{"line":205,"column":37}},"type":"binary-expr","locations":[{"start":{"line":205,"column":20},"end":{"line":205,"column":29}},{"start":{"line":205,"column":33},"end":{"line":205,"column":37}}],"line":205},"35":{"loc":{"start":{"line":206,"column":23},"end":{"line":206,"column":47}},"type":"binary-expr","locations":[{"start":{"line":206,"column":23},"end":{"line":206,"column":39}},{"start":{"line":206,"column":43},"end":{"line":206,"column":47}}],"line":206},"36":{"loc":{"start":{"line":207,"column":22},"end":{"line":207,"column":46}},"type":"binary-expr","locations":[{"start":{"line":207,"column":22},"end":{"line":207,"column":38}},{"start":{"line":207,"column":42},"end":{"line":207,"column":46}}],"line":207},"37":{"loc":{"start":{"line":216,"column":4},"end":{"line":234,"column":5}},"type":"if","locations":[{"start":{"line":216,"column":4},"end":{"line":234,"column":5}},{"start":{},"end":{}}],"line":216},"38":{"loc":{"start":{"line":219,"column":8},"end":{"line":230,"column":9}},"type":"if","locations":[{"start":{"line":219,"column":8},"end":{"line":230,"column":9}},{"start":{},"end":{}}],"line":219},"39":{"loc":{"start":{"line":224,"column":10},"end":{"line":229,"column":11}},"type":"if","locations":[{"start":{"line":224,"column":10},"end":{"line":229,"column":11}},{"start":{},"end":{}}],"line":224},"40":{"loc":{"start":{"line":240,"column":4},"end":{"line":242,"column":5}},"type":"if","locations":[{"start":{"line":240,"column":4},"end":{"line":242,"column":5}},{"start":{},"end":{}}],"line":240},"41":{"loc":{"start":{"line":246,"column":6},"end":{"line":246,"column":67}},"type":"if","locations":[{"start":{"line":246,"column":6},"end":{"line":246,"column":67}},{"start":{},"end":{}}],"line":246},"42":{"loc":{"start":{"line":251,"column":6},"end":{"line":253,"column":7}},"type":"if","locations":[{"start":{"line":251,"column":6},"end":{"line":253,"column":7}},{"start":{},"end":{}}],"line":251},"43":{"loc":{"start":{"line":260,"column":4},"end":{"line":260,"column":27}},"type":"if","locations":[{"start":{"line":260,"column":4},"end":{"line":260,"column":27}},{"start":{},"end":{}}],"line":260},"44":{"loc":{"start":{"line":265,"column":4},"end":{"line":273,"column":5}},"type":"if","locations":[{"start":{"line":265,"column":4},"end":{"line":273,"column":5}},{"start":{},"end":{}}],"line":265},"45":{"loc":{"start":{"line":265,"column":8},"end":{"line":265,"column":78}},"type":"binary-expr","locations":[{"start":{"line":265,"column":8},"end":{"line":265,"column":27}},{"start":{"line":265,"column":31},"end":{"line":265,"column":78}}],"line":265},"46":{"loc":{"start":{"line":269,"column":20},"end":{"line":269,"column":37}},"type":"binary-expr","locations":[{"start":{"line":269,"column":20},"end":{"line":269,"column":29}},{"start":{"line":269,"column":33},"end":{"line":269,"column":37}}],"line":269},"47":{"loc":{"start":{"line":270,"column":23},"end":{"line":270,"column":47}},"type":"binary-expr","locations":[{"start":{"line":270,"column":23},"end":{"line":270,"column":39}},{"start":{"line":270,"column":43},"end":{"line":270,"column":47}}],"line":270},"48":{"loc":{"start":{"line":271,"column":22},"end":{"line":271,"column":46}},"type":"binary-expr","locations":[{"start":{"line":271,"column":22},"end":{"line":271,"column":38}},{"start":{"line":271,"column":42},"end":{"line":271,"column":46}}],"line":271},"49":{"loc":{"start":{"line":277,"column":23},"end":{"line":277,"column":86}},"type":"binary-expr","locations":[{"start":{"line":277,"column":23},"end":{"line":277,"column":62}},{"start":{"line":277,"column":66},"end":{"line":277,"column":86}}],"line":277},"50":{"loc":{"start":{"line":278,"column":22},"end":{"line":278,"column":84}},"type":"binary-expr","locations":[{"start":{"line":278,"column":22},"end":{"line":278,"column":60}},{"start":{"line":278,"column":64},"end":{"line":278,"column":84}}],"line":278},"51":{"loc":{"start":{"line":281,"column":4},"end":{"line":294,"column":5}},"type":"if","locations":[{"start":{"line":281,"column":4},"end":{"line":294,"column":5}},{"start":{},"end":{}}],"line":281},"52":{"loc":{"start":{"line":298,"column":32},"end":{"line":298,"column":44}},"type":"default-arg","locations":[{"start":{"line":298,"column":42},"end":{"line":298,"column":44}}],"line":298},"53":{"loc":{"start":{"line":300,"column":4},"end":{"line":303,"column":5}},"type":"if","locations":[{"start":{"line":300,"column":4},"end":{"line":303,"column":5}},{"start":{},"end":{}}],"line":300},"54":{"loc":{"start":{"line":305,"column":4},"end":{"line":308,"column":5}},"type":"if","locations":[{"start":{"line":305,"column":4},"end":{"line":308,"column":5}},{"start":{},"end":{}}],"line":305},"55":{"loc":{"start":{"line":312,"column":18},"end":{"line":312,"column":60}},"type":"binary-expr","locations":[{"start":{"line":312,"column":18},"end":{"line":312,"column":36}},{"start":{"line":312,"column":40},"end":{"line":312,"column":60}}],"line":312},"56":{"loc":{"start":{"line":313,"column":17},"end":{"line":313,"column":58}},"type":"binary-expr","locations":[{"start":{"line":313,"column":17},"end":{"line":313,"column":34}},{"start":{"line":313,"column":38},"end":{"line":313,"column":58}}],"line":313},"57":{"loc":{"start":{"line":320,"column":4},"end":{"line":322,"column":5}},"type":"if","locations":[{"start":{"line":320,"column":4},"end":{"line":322,"column":5}},{"start":{},"end":{}}],"line":320},"58":{"loc":{"start":{"line":331,"column":6},"end":{"line":333,"column":7}},"type":"if","locations":[{"start":{"line":331,"column":6},"end":{"line":333,"column":7}},{"start":{},"end":{}}],"line":331},"59":{"loc":{"start":{"line":337,"column":6},"end":{"line":339,"column":7}},"type":"if","locations":[{"start":{"line":337,"column":6},"end":{"line":339,"column":7}},{"start":{},"end":{}}],"line":337},"60":{"loc":{"start":{"line":341,"column":6},"end":{"line":343,"column":7}},"type":"if","locations":[{"start":{"line":341,"column":6},"end":{"line":343,"column":7}},{"start":{},"end":{}}],"line":341},"61":{"loc":{"start":{"line":356,"column":4},"end":{"line":356,"column":41}},"type":"if","locations":[{"start":{"line":356,"column":4},"end":{"line":356,"column":41}},{"start":{},"end":{}}],"line":356},"62":{"loc":{"start":{"line":363,"column":8},"end":{"line":382,"column":9}},"type":"if","locations":[{"start":{"line":363,"column":8},"end":{"line":382,"column":9}},{"start":{},"end":{}}],"line":363},"63":{"loc":{"start":{"line":363,"column":12},"end":{"line":363,"column":71}},"type":"binary-expr","locations":[{"start":{"line":363,"column":12},"end":{"line":363,"column":41}},{"start":{"line":363,"column":45},"end":{"line":363,"column":71}}],"line":363},"64":{"loc":{"start":{"line":366,"column":12},"end":{"line":380,"column":13}},"type":"if","locations":[{"start":{"line":366,"column":12},"end":{"line":380,"column":13}},{"start":{},"end":{}}],"line":366},"65":{"loc":{"start":{"line":367,"column":14},"end":{"line":372,"column":15}},"type":"if","locations":[{"start":{"line":367,"column":14},"end":{"line":372,"column":15}},{"start":{},"end":{}}],"line":367},"66":{"loc":{"start":{"line":367,"column":18},"end":{"line":370,"column":17}},"type":"binary-expr","locations":[{"start":{"line":367,"column":18},"end":{"line":367,"column":30}},{"start":{"line":368,"column":18},"end":{"line":368,"column":64}},{"start":{"line":369,"column":18},"end":{"line":369,"column":70}}],"line":367},"67":{"loc":{"start":{"line":374,"column":14},"end":{"line":379,"column":15}},"type":"if","locations":[{"start":{"line":374,"column":14},"end":{"line":379,"column":15}},{"start":{},"end":{}}],"line":374},"68":{"loc":{"start":{"line":374,"column":18},"end":{"line":377,"column":17}},"type":"binary-expr","locations":[{"start":{"line":374,"column":18},"end":{"line":374,"column":30}},{"start":{"line":375,"column":18},"end":{"line":375,"column":63}},{"start":{"line":376,"column":18},"end":{"line":376,"column":69}}],"line":374},"69":{"loc":{"start":{"line":386,"column":6},"end":{"line":386,"column":57}},"type":"if","locations":[{"start":{"line":386,"column":6},"end":{"line":386,"column":57}},{"start":{},"end":{}}],"line":386},"70":{"loc":{"start":{"line":387,"column":6},"end":{"line":387,"column":55}},"type":"if","locations":[{"start":{"line":387,"column":6},"end":{"line":387,"column":55}},{"start":{},"end":{}}],"line":387},"71":{"loc":{"start":{"line":396,"column":4},"end":{"line":398,"column":5}},"type":"if","locations":[{"start":{"line":396,"column":4},"end":{"line":398,"column":5}},{"start":{},"end":{}}],"line":396},"72":{"loc":{"start":{"line":406,"column":6},"end":{"line":406,"column":61}},"type":"if","locations":[{"start":{"line":406,"column":6},"end":{"line":406,"column":61}},{"start":{},"end":{}}],"line":406},"73":{"loc":{"start":{"line":413,"column":8},"end":{"line":422,"column":37}},"type":"binary-expr","locations":[{"start":{"line":413,"column":8},"end":{"line":413,"column":40}},{"start":{"line":414,"column":8},"end":{"line":414,"column":41}},{"start":{"line":416,"column":8},"end":{"line":416,"column":45}},{"start":{"line":417,"column":8},"end":{"line":417,"column":47}},{"start":{"line":418,"column":8},"end":{"line":418,"column":42}},{"start":{"line":419,"column":8},"end":{"line":419,"column":39}},{"start":{"line":421,"column":8},"end":{"line":421,"column":44}},{"start":{"line":422,"column":8},"end":{"line":422,"column":37}}],"line":413},"74":{"loc":{"start":{"line":427,"column":8},"end":{"line":436,"column":55}},"type":"binary-expr","locations":[{"start":{"line":427,"column":8},"end":{"line":427,"column":47}},{"start":{"line":428,"column":8},"end":{"line":428,"column":44}},{"start":{"line":430,"column":8},"end":{"line":430,"column":43}},{"start":{"line":432,"column":8},"end":{"line":432,"column":50}},{"start":{"line":433,"column":8},"end":{"line":433,"column":40}},{"start":{"line":434,"column":8},"end":{"line":434,"column":37}},{"start":{"line":435,"column":8},"end":{"line":435,"column":41}},{"start":{"line":435,"column":45},"end":{"line":435,"column":98}},{"start":{"line":436,"column":8},"end":{"line":436,"column":55}}],"line":427},"75":{"loc":{"start":{"line":439,"column":6},"end":{"line":439,"column":41}},"type":"if","locations":[{"start":{"line":439,"column":6},"end":{"line":439,"column":41}},{"start":{},"end":{}}],"line":439},"76":{"loc":{"start":{"line":439,"column":10},"end":{"line":439,"column":32}},"type":"binary-expr","locations":[{"start":{"line":439,"column":10},"end":{"line":439,"column":19}},{"start":{"line":439,"column":23},"end":{"line":439,"column":32}}],"line":439},"77":{"loc":{"start":{"line":448,"column":6},"end":{"line":450,"column":7}},"type":"if","locations":[{"start":{"line":448,"column":6},"end":{"line":450,"column":7}},{"start":{},"end":{}}],"line":448},"78":{"loc":{"start":{"line":453,"column":6},"end":{"line":455,"column":7}},"type":"if","locations":[{"start":{"line":453,"column":6},"end":{"line":455,"column":7}},{"start":{},"end":{}}],"line":453},"79":{"loc":{"start":{"line":458,"column":6},"end":{"line":460,"column":7}},"type":"if","locations":[{"start":{"line":458,"column":6},"end":{"line":460,"column":7}},{"start":{},"end":{}}],"line":458},"80":{"loc":{"start":{"line":463,"column":6},"end":{"line":474,"column":7}},"type":"if","locations":[{"start":{"line":463,"column":6},"end":{"line":474,"column":7}},{"start":{},"end":{}}],"line":463},"81":{"loc":{"start":{"line":466,"column":23},"end":{"line":466,"column":54}},"type":"binary-expr","locations":[{"start":{"line":466,"column":23},"end":{"line":466,"column":48}},{"start":{"line":466,"column":52},"end":{"line":466,"column":54}}],"line":466},"82":{"loc":{"start":{"line":467,"column":21},"end":{"line":467,"column":50}},"type":"binary-expr","locations":[{"start":{"line":467,"column":21},"end":{"line":467,"column":44}},{"start":{"line":467,"column":48},"end":{"line":467,"column":50}}],"line":467},"83":{"loc":{"start":{"line":469,"column":10},"end":{"line":472,"column":11}},"type":"if","locations":[{"start":{"line":469,"column":10},"end":{"line":472,"column":11}},{"start":{},"end":{}}],"line":469},"84":{"loc":{"start":{"line":469,"column":14},"end":{"line":469,"column":60}},"type":"binary-expr","locations":[{"start":{"line":469,"column":14},"end":{"line":469,"column":36}},{"start":{"line":469,"column":40},"end":{"line":469,"column":60}}],"line":469},"85":{"loc":{"start":{"line":477,"column":6},"end":{"line":482,"column":7}},"type":"if","locations":[{"start":{"line":477,"column":6},"end":{"line":482,"column":7}},{"start":{},"end":{}}],"line":477},"86":{"loc":{"start":{"line":477,"column":10},"end":{"line":477,"column":42}},"type":"binary-expr","locations":[{"start":{"line":477,"column":10},"end":{"line":477,"column":21}},{"start":{"line":477,"column":25},"end":{"line":477,"column":42}}],"line":477},"87":{"loc":{"start":{"line":478,"column":8},"end":{"line":480,"column":9}},"type":"if","locations":[{"start":{"line":478,"column":8},"end":{"line":480,"column":9}},{"start":{},"end":{}}],"line":478},"88":{"loc":{"start":{"line":488,"column":6},"end":{"line":496,"column":7}},"type":"if","locations":[{"start":{"line":488,"column":6},"end":{"line":496,"column":7}},{"start":{},"end":{}}],"line":488},"89":{"loc":{"start":{"line":488,"column":10},"end":{"line":488,"column":30}},"type":"binary-expr","locations":[{"start":{"line":488,"column":10},"end":{"line":488,"column":16}},{"start":{"line":488,"column":20},"end":{"line":488,"column":30}}],"line":488},"90":{"loc":{"start":{"line":489,"column":8},"end":{"line":494,"column":9}},"type":"if","locations":[{"start":{"line":489,"column":8},"end":{"line":494,"column":9}},{"start":{},"end":{}}],"line":489},"91":{"loc":{"start":{"line":504,"column":19},"end":{"line":504,"column":32}},"type":"binary-expr","locations":[{"start":{"line":504,"column":19},"end":{"line":504,"column":26}},{"start":{"line":504,"column":30},"end":{"line":504,"column":32}}],"line":504},"92":{"loc":{"start":{"line":505,"column":23},"end":{"line":505,"column":40}},"type":"binary-expr","locations":[{"start":{"line":505,"column":23},"end":{"line":505,"column":34}},{"start":{"line":505,"column":38},"end":{"line":505,"column":40}}],"line":505},"93":{"loc":{"start":{"line":506,"column":25},"end":{"line":506,"column":67}},"type":"cond-expr","locations":[{"start":{"line":506,"column":36},"end":{"line":506,"column":52}},{"start":{"line":506,"column":55},"end":{"line":506,"column":67}}],"line":506},"94":{"loc":{"start":{"line":515,"column":6},"end":{"line":521,"column":7}},"type":"if","locations":[{"start":{"line":515,"column":6},"end":{"line":521,"column":7}},{"start":{},"end":{}}],"line":515},"95":{"loc":{"start":{"line":526,"column":4},"end":{"line":528,"column":5}},"type":"if","locations":[{"start":{"line":526,"column":4},"end":{"line":528,"column":5}},{"start":{},"end":{}}],"line":526},"96":{"loc":{"start":{"line":537,"column":31},"end":{"line":538,"column":66}},"type":"binary-expr","locations":[{"start":{"line":537,"column":31},"end":{"line":537,"column":69}},{"start":{"line":538,"column":29},"end":{"line":538,"column":66}}],"line":537},"97":{"loc":{"start":{"line":541,"column":30},"end":{"line":543,"column":68}},"type":"binary-expr","locations":[{"start":{"line":541,"column":30},"end":{"line":541,"column":47}},{"start":{"line":542,"column":28},"end":{"line":542,"column":64}},{"start":{"line":543,"column":28},"end":{"line":543,"column":68}}],"line":541},"98":{"loc":{"start":{"line":546,"column":6},"end":{"line":546,"column":35}},"type":"if","locations":[{"start":{"line":546,"column":6},"end":{"line":546,"column":35}},{"start":{},"end":{}}],"line":546},"99":{"loc":{"start":{"line":549,"column":6},"end":{"line":594,"column":7}},"type":"if","locations":[{"start":{"line":549,"column":6},"end":{"line":594,"column":7}},{"start":{},"end":{}}],"line":549},"100":{"loc":{"start":{"line":550,"column":8},"end":{"line":552,"column":9}},"type":"if","locations":[{"start":{"line":550,"column":8},"end":{"line":552,"column":9}},{"start":{},"end":{}}],"line":550},"101":{"loc":{"start":{"line":556,"column":8},"end":{"line":561,"column":9}},"type":"if","locations":[{"start":{"line":556,"column":8},"end":{"line":561,"column":9}},{"start":{},"end":{}}],"line":556},"102":{"loc":{"start":{"line":557,"column":10},"end":{"line":559,"column":11}},"type":"if","locations":[{"start":{"line":557,"column":10},"end":{"line":559,"column":11}},{"start":{},"end":{}}],"line":557},"103":{"loc":{"start":{"line":564,"column":24},"end":{"line":564,"column":48}},"type":"binary-expr","locations":[{"start":{"line":564,"column":24},"end":{"line":564,"column":42}},{"start":{"line":564,"column":46},"end":{"line":564,"column":48}}],"line":564},"104":{"loc":{"start":{"line":587,"column":8},"end":{"line":593,"column":9}},"type":"if","locations":[{"start":{"line":587,"column":8},"end":{"line":593,"column":9}},{"start":{},"end":{}}],"line":587},"105":{"loc":{"start":{"line":597,"column":4},"end":{"line":599,"column":5}},"type":"if","locations":[{"start":{"line":597,"column":4},"end":{"line":599,"column":5}},{"start":{},"end":{}}],"line":597},"106":{"loc":{"start":{"line":605,"column":23},"end":{"line":605,"column":105}},"type":"binary-expr","locations":[{"start":{"line":605,"column":23},"end":{"line":605,"column":61}},{"start":{"line":605,"column":65},"end":{"line":605,"column":105}}],"line":605},"107":{"loc":{"start":{"line":608,"column":4},"end":{"line":613,"column":5}},"type":"if","locations":[{"start":{"line":608,"column":4},"end":{"line":613,"column":5}},{"start":{},"end":{}}],"line":608},"108":{"loc":{"start":{"line":609,"column":6},"end":{"line":611,"column":7}},"type":"if","locations":[{"start":{"line":609,"column":6},"end":{"line":611,"column":7}},{"start":{},"end":{}}],"line":609},"109":{"loc":{"start":{"line":615,"column":4},"end":{"line":617,"column":5}},"type":"if","locations":[{"start":{"line":615,"column":4},"end":{"line":617,"column":5}},{"start":{},"end":{}}],"line":615},"110":{"loc":{"start":{"line":628,"column":8},"end":{"line":630,"column":9}},"type":"if","locations":[{"start":{"line":628,"column":8},"end":{"line":630,"column":9}},{"start":{},"end":{}}],"line":628},"111":{"loc":{"start":{"line":639,"column":8},"end":{"line":666,"column":9}},"type":"if","locations":[{"start":{"line":639,"column":8},"end":{"line":666,"column":9}},{"start":{},"end":{}}],"line":639},"112":{"loc":{"start":{"line":639,"column":12},"end":{"line":639,"column":71}},"type":"binary-expr","locations":[{"start":{"line":639,"column":12},"end":{"line":639,"column":41}},{"start":{"line":639,"column":45},"end":{"line":639,"column":71}}],"line":639},"113":{"loc":{"start":{"line":641,"column":12},"end":{"line":664,"column":13}},"type":"if","locations":[{"start":{"line":641,"column":12},"end":{"line":664,"column":13}},{"start":{},"end":{}}],"line":641},"114":{"loc":{"start":{"line":643,"column":14},"end":{"line":651,"column":15}},"type":"if","locations":[{"start":{"line":643,"column":14},"end":{"line":651,"column":15}},{"start":{},"end":{}}],"line":643},"115":{"loc":{"start":{"line":643,"column":18},"end":{"line":643,"column":89}},"type":"binary-expr","locations":[{"start":{"line":643,"column":18},"end":{"line":643,"column":38}},{"start":{"line":643,"column":42},"end":{"line":643,"column":51}},{"start":{"line":643,"column":55},"end":{"line":643,"column":89}}],"line":643},"116":{"loc":{"start":{"line":676,"column":4},"end":{"line":678,"column":5}},"type":"if","locations":[{"start":{"line":676,"column":4},"end":{"line":678,"column":5}},{"start":{},"end":{}}],"line":676},"117":{"loc":{"start":{"line":682,"column":6},"end":{"line":682,"column":61}},"type":"if","locations":[{"start":{"line":682,"column":6},"end":{"line":682,"column":61}},{"start":{},"end":{}}],"line":682},"118":{"loc":{"start":{"line":685,"column":25},"end":{"line":687,"column":72}},"type":"binary-expr","locations":[{"start":{"line":685,"column":25},"end":{"line":685,"column":66}},{"start":{"line":686,"column":23},"end":{"line":686,"column":64}},{"start":{"line":687,"column":23},"end":{"line":687,"column":72}}],"line":685},"119":{"loc":{"start":{"line":689,"column":6},"end":{"line":700,"column":7}},"type":"if","locations":[{"start":{"line":689,"column":6},"end":{"line":700,"column":7}},{"start":{},"end":{}}],"line":689},"120":{"loc":{"start":{"line":689,"column":10},"end":{"line":689,"column":40}},"type":"binary-expr","locations":[{"start":{"line":689,"column":10},"end":{"line":689,"column":20}},{"start":{"line":689,"column":24},"end":{"line":689,"column":40}}],"line":689},"121":{"loc":{"start":{"line":691,"column":8},"end":{"line":699,"column":9}},"type":"if","locations":[{"start":{"line":691,"column":8},"end":{"line":699,"column":9}},{"start":{},"end":{}}],"line":691},"122":{"loc":{"start":{"line":696,"column":10},"end":{"line":698,"column":11}},"type":"if","locations":[{"start":{"line":696,"column":10},"end":{"line":698,"column":11}},{"start":{},"end":{}}],"line":696},"123":{"loc":{"start":{"line":705,"column":14},"end":{"line":705,"column":31}},"type":"default-arg","locations":[{"start":{"line":705,"column":29},"end":{"line":705,"column":31}}],"line":705},"124":{"loc":{"start":{"line":707,"column":2},"end":{"line":707,"column":78}},"type":"if","locations":[{"start":{"line":707,"column":2},"end":{"line":707,"column":78}},{"start":{},"end":{}}],"line":707},"125":{"loc":{"start":{"line":708,"column":2},"end":{"line":708,"column":74}},"type":"if","locations":[{"start":{"line":708,"column":2},"end":{"line":708,"column":74}},{"start":{},"end":{}}],"line":708},"126":{"loc":{"start":{"line":709,"column":2},"end":{"line":716,"column":3}},"type":"if","locations":[{"start":{"line":709,"column":2},"end":{"line":716,"column":3}},{"start":{},"end":{}}],"line":709},"127":{"loc":{"start":{"line":710,"column":4},"end":{"line":712,"column":5}},"type":"if","locations":[{"start":{"line":710,"column":4},"end":{"line":712,"column":5}},{"start":{},"end":{}}],"line":710},"128":{"loc":{"start":{"line":713,"column":4},"end":{"line":715,"column":5}},"type":"if","locations":[{"start":{"line":713,"column":4},"end":{"line":715,"column":5}},{"start":{},"end":{}}],"line":713},"129":{"loc":{"start":{"line":722,"column":0},"end":{"line":736,"column":1}},"type":"if","locations":[{"start":{"line":722,"column":0},"end":{"line":736,"column":1}},{"start":{},"end":{}}],"line":722},"130":{"loc":{"start":{"line":722,"column":4},"end":{"line":722,"column":68}},"type":"binary-expr","locations":[{"start":{"line":722,"column":4},"end":{"line":722,"column":33}},{"start":{"line":722,"column":37},"end":{"line":722,"column":68}}],"line":722},"131":{"loc":{"start":{"line":731,"column":2},"end":{"line":735,"column":3}},"type":"if","locations":[{"start":{"line":731,"column":2},"end":{"line":735,"column":3}},{"start":{"line":733,"column":9},"end":{"line":735,"column":3}}],"line":731},"132":{"loc":{"start":{"line":739,"column":0},"end":{"line":759,"column":1}},"type":"if","locations":[{"start":{"line":739,"column":0},"end":{"line":759,"column":1}},{"start":{},"end":{}}],"line":739},"133":{"loc":{"start":{"line":739,"column":4},"end":{"line":739,"column":51}},"type":"binary-expr","locations":[{"start":{"line":739,"column":4},"end":{"line":739,"column":33}},{"start":{"line":739,"column":37},"end":{"line":739,"column":51}}],"line":739}},"s":{"0":1,"1":1,"2":2,"3":0,"4":0,"5":2,"6":2,"7":2,"8":2,"9":2,"10":2,"11":2,"12":2,"13":0,"14":0,"15":0,"16":0,"17":0,"18":0,"19":0,"20":0,"21":0,"22":0,"23":0,"24":0,"25":0,"26":0,"27":0,"28":0,"29":2,"30":2,"31":2,"32":0,"33":0,"34":0,"35":0,"36":0,"37":0,"38":0,"39":0,"40":0,"41":0,"42":0,"43":0,"44":2,"45":2,"46":0,"47":2,"48":0,"49":0,"50":0,"51":0,"52":0,"53":0,"54":0,"55":0,"56":0,"57":0,"58":0,"59":0,"60":0,"61":0,"62":0,"63":0,"64":0,"65":0,"66":0,"67":0,"68":0,"69":0,"70":0,"71":0,"72":0,"73":0,"74":0,"75":0,"76":0,"77":0,"78":0,"79":0,"80":0,"81":0,"82":0,"83":0,"84":0,"85":0,"86":0,"87":0,"88":0,"89":0,"90":0,"91":0,"92":0,"93":0,"94":2,"95":2,"96":0,"97":2,"98":0,"99":0,"100":0,"101":0,"102":0,"103":0,"104":0,"105":0,"106":0,"107":0,"108":0,"109":0,"110":0,"111":0,"112":0,"113":0,"114":0,"115":0,"116":0,"117":0,"118":0,"119":0,"120":0,"121":0,"122":0,"123":0,"124":0,"125":0,"126":0,"127":0,"128":0,"129":0,"130":0,"131":0,"132":0,"133":0,"134":0,"135":0,"136":0,"137":2,"138":0,"139":2,"140":0,"141":0,"142":0,"143":0,"144":0,"145":0,"146":0,"147":0,"148":0,"149":0,"150":0,"151":0,"152":0,"153":0,"154":2,"155":2,"156":0,"157":3,"158":0,"159":0,"160":0,"161":0,"162":0,"163":0,"164":0,"165":0,"166":0,"167":0,"168":0,"169":0,"170":0,"171":0,"172":0,"173":0,"174":0,"175":0,"176":0,"177":0,"178":0,"179":0,"180":0,"181":0,"182":0,"183":0,"184":0,"185":0,"186":0,"187":0,"188":0,"189":0,"190":0,"191":0,"192":0,"193":0,"194":0,"195":3,"196":0,"197":3,"198":0,"199":0,"200":0,"201":0,"202":0,"203":0,"204":0,"205":0,"206":0,"207":0,"208":0,"209":0,"210":0,"211":0,"212":0,"213":0,"214":0,"215":3,"216":0,"217":3,"218":3,"219":2,"220":0,"221":2,"222":1,"223":0,"224":1,"225":1,"226":1,"227":1,"228":1,"229":1,"230":1,"231":0,"232":0,"233":1,"234":0,"235":0,"236":0,"237":0,"238":0,"239":0,"240":0,"241":0,"242":0,"243":0,"244":0,"245":0,"246":0,"247":0,"248":0,"249":0,"250":0,"251":1,"252":1,"253":0,"254":1,"255":0,"256":0,"257":0,"258":0,"259":0,"260":0,"261":0,"262":0,"263":0,"264":0,"265":0,"266":0,"267":0,"268":0,"269":0,"270":0,"271":0,"272":0,"273":0,"274":0,"275":0,"276":1,"277":1,"278":1,"279":0,"280":1,"281":1,"282":1},"f":{"0":2,"1":0,"2":0,"3":2,"4":2,"5":0,"6":0,"7":0,"8":2,"9":0,"10":0,"11":0,"12":0,"13":0,"14":0,"15":2,"16":0,"17":0,"18":0,"19":3,"20":0,"21":3,"22":0,"23":3,"24":1,"25":0,"26":0,"27":0,"28":0,"29":0,"30":0},"b":{"0":[0,2],"1":[2,2],"2":[2,2,2],"3":[0,2],"4":[0,0],"5":[0,0],"6":[0,0],"7":[0,0],"8":[0,0],"9":[0,0],"10":[0,0],"11":[0,0],"12":[0,0],"13":[2,0],"14":[0,0],"15":[0,0],"16":[0,0],"17":[0,0],"18":[0,2],"19":[0,0],"20":[0,0],"21":[0,0],"22":[0,0],"23":[0,0],"24":[0,0],"25":[0,0],"26":[0,0],"27":[0,0],"28":[0,0],"29":[0,0],"30":[0,0],"31":[0,0],"32":[0,0],"33":[0,0],"34":[0,0],"35":[0,0],"36":[0,0],"37":[0,0],"38":[0,0],"39":[0,0],"40":[0,2],"41":[0,0],"42":[0,0],"43":[0,0],"44":[0,0],"45":[0,0],"46":[0,0],"47":[0,0],"48":[0,0],"49":[0,0],"50":[0,0],"51":[0,0],"52":[0],"53":[0,0],"54":[0,0],"55":[0,0],"56":[0,0],"57":[0,0],"58":[0,0],"59":[0,0],"60":[0,0],"61":[0,2],"62":[0,0],"63":[0,0],"64":[0,0],"65":[0,0],"66":[0,0,0],"67":[0,0],"68":[0,0,0],"69":[0,0],"70":[0,0],"71":[0,2],"72":[0,0],"73":[0,0,0,0,0,0,0,0],"74":[0,0,0,0,0,0,0,0,0],"75":[0,0],"76":[0,0],"77":[0,0],"78":[0,0],"79":[0,0],"80":[0,0],"81":[0,0],"82":[0,0],"83":[0,0],"84":[0,0],"85":[0,0],"86":[0,0],"87":[0,0],"88":[0,0],"89":[0,0],"90":[0,0],"91":[0,0],"92":[0,0],"93":[0,0],"94":[0,0],"95":[0,3],"96":[0,0],"97":[0,0,0],"98":[0,0],"99":[0,0],"100":[0,0],"101":[0,0],"102":[0,0],"103":[0,0],"104":[0,0],"105":[0,3],"106":[3,2],"107":[2,1],"108":[0,2],"109":[0,1],"110":[0,1],"111":[0,0],"112":[0,0],"113":[0,0],"114":[0,0],"115":[0,0,0],"116":[0,1],"117":[0,0],"118":[0,0,0],"119":[0,0],"120":[0,0],"121":[0,0],"122":[0,0],"123":[0],"124":[0,0],"125":[0,0],"126":[0,0],"127":[0,0],"128":[0,0],"129":[1,0],"130":[1,1],"131":[0,1],"132":[1,0],"133":[1,1]},"inputSourceMap":null,"_coverageSchema":"1a1c01bbd47fc00a2c39e90264f33305004495a9","hash":"afccd7ce1fd86680fd4f6928ed4ee38a3889a952"}
,"/Users/mehdi/CascadeProjects/FunnelDoctor/frontend/public/funnel-doctor.js": {"path":"/Users/mehdi/CascadeProjects/FunnelDoctor/frontend/public/funnel-doctor.js","statementMap":{"0":{"start":{"line":8,"column":0},"end":{"line":352,"column":5}},"1":{"start":{"line":10,"column":15},"end":{"line":16,"column":3}},"2":{"start":{"line":19,"column":18},"end":{"line":19,"column":25}},"3":{"start":{"line":23,"column":20},"end":{"line":23,"column":57}},"4":{"start":{"line":24,"column":4},"end":{"line":27,"column":5}},"5":{"start":{"line":25,"column":6},"end":{"line":25,"column":33}},"6":{"start":{"line":26,"column":6},"end":{"line":26,"column":55}},"7":{"start":{"line":28,"column":4},"end":{"line":28,"column":21}},"8":{"start":{"line":33,"column":4},"end":{"line":37,"column":7}},"9":{"start":{"line":34,"column":16},"end":{"line":34,"column":38}},"10":{"start":{"line":35,"column":16},"end":{"line":35,"column":47}},"11":{"start":{"line":36,"column":6},"end":{"line":36,"column":28}},"12":{"start":{"line":42,"column":22},"end":{"line":42,"column":65}},"13":{"start":{"line":43,"column":22},"end":{"line":43,"column":24}},"14":{"start":{"line":45,"column":4},"end":{"line":50,"column":7}},"15":{"start":{"line":46,"column":20},"end":{"line":46,"column":49}},"16":{"start":{"line":47,"column":6},"end":{"line":49,"column":7}},"17":{"start":{"line":48,"column":8},"end":{"line":48,"column":42}},"18":{"start":{"line":52,"column":4},"end":{"line":52,"column":21}},"19":{"start":{"line":57,"column":22},"end":{"line":57,"column":40}},"20":{"start":{"line":60,"column":4},"end":{"line":69,"column":5}},"21":{"start":{"line":62,"column":22},"end":{"line":65,"column":7}},"22":{"start":{"line":67,"column":6},"end":{"line":67,"column":67}},"23":{"start":{"line":68,"column":6},"end":{"line":68,"column":67}},"24":{"start":{"line":74,"column":23},"end":{"line":74,"column":58}},"25":{"start":{"line":76,"column":4},"end":{"line":76,"column":33}},"26":{"start":{"line":76,"column":21},"end":{"line":76,"column":33}},"27":{"start":{"line":78,"column":4},"end":{"line":93,"column":5}},"28":{"start":{"line":79,"column":22},"end":{"line":79,"column":44}},"29":{"start":{"line":82,"column":6},"end":{"line":88,"column":7}},"30":{"start":{"line":83,"column":8},"end":{"line":83,"column":30}},"31":{"start":{"line":86,"column":8},"end":{"line":86,"column":47}},"32":{"start":{"line":87,"column":8},"end":{"line":87,"column":20}},"33":{"start":{"line":90,"column":6},"end":{"line":90,"column":70}},"34":{"start":{"line":91,"column":6},"end":{"line":91,"column":45}},"35":{"start":{"line":92,"column":6},"end":{"line":92,"column":18}},"36":{"start":{"line":99,"column":22},"end":{"line":99,"column":65}},"37":{"start":{"line":100,"column":4},"end":{"line":100,"column":36}},"38":{"start":{"line":105,"column":22},"end":{"line":105,"column":36}},"39":{"start":{"line":106,"column":25},"end":{"line":106,"column":43}},"40":{"start":{"line":107,"column":28},"end":{"line":107,"column":48}},"41":{"start":{"line":108,"column":27},"end":{"line":108,"column":47}},"42":{"start":{"line":111,"column":22},"end":{"line":111,"column":99}},"43":{"start":{"line":113,"column":20},"end":{"line":119,"column":5}},"44":{"start":{"line":122,"column":4},"end":{"line":124,"column":5}},"45":{"start":{"line":123,"column":6},"end":{"line":123,"column":48}},"46":{"start":{"line":126,"column":4},"end":{"line":126,"column":68}},"47":{"start":{"line":128,"column":4},"end":{"line":146,"column":7}},"48":{"start":{"line":136,"column":6},"end":{"line":138,"column":7}},"49":{"start":{"line":137,"column":8},"end":{"line":137,"column":75}},"50":{"start":{"line":139,"column":6},"end":{"line":139,"column":29}},"51":{"start":{"line":142,"column":6},"end":{"line":142,"column":61}},"52":{"start":{"line":145,"column":6},"end":{"line":145,"column":59}},"53":{"start":{"line":151,"column":22},"end":{"line":151,"column":36}},"54":{"start":{"line":154,"column":4},"end":{"line":157,"column":7}},"55":{"start":{"line":159,"column":4},"end":{"line":159,"column":60}},"56":{"start":{"line":162,"column":4},"end":{"line":164,"column":5}},"57":{"start":{"line":163,"column":6},"end":{"line":163,"column":59}},"58":{"start":{"line":166,"column":4},"end":{"line":166,"column":50}},"59":{"start":{"line":171,"column":4},"end":{"line":175,"column":7}},"60":{"start":{"line":180,"column":23},"end":{"line":180,"column":43}},"61":{"start":{"line":182,"column":4},"end":{"line":182,"column":32}},"62":{"start":{"line":182,"column":21},"end":{"line":182,"column":32}},"63":{"start":{"line":184,"column":4},"end":{"line":200,"column":5}},"64":{"start":{"line":185,"column":21},"end":{"line":185,"column":33}},"65":{"start":{"line":186,"column":24},"end":{"line":186,"column":58}},"66":{"start":{"line":189,"column":6},"end":{"line":193,"column":7}},"67":{"start":{"line":190,"column":8},"end":{"line":192,"column":9}},"68":{"start":{"line":191,"column":10},"end":{"line":191,"column":36}},"69":{"start":{"line":195,"column":6},"end":{"line":195,"column":43}},"70":{"start":{"line":196,"column":6},"end":{"line":196,"column":31}},"71":{"start":{"line":198,"column":6},"end":{"line":198,"column":73}},"72":{"start":{"line":199,"column":6},"end":{"line":199,"column":17}},"73":{"start":{"line":205,"column":23},"end":{"line":205,"column":43}},"74":{"start":{"line":208,"column":18},"end":{"line":208,"column":61}},"75":{"start":{"line":210,"column":4},"end":{"line":250,"column":7}},"76":{"start":{"line":212,"column":6},"end":{"line":229,"column":7}},"77":{"start":{"line":213,"column":8},"end":{"line":225,"column":11}},"78":{"start":{"line":214,"column":27},"end":{"line":221,"column":11}},"79":{"start":{"line":224,"column":10},"end":{"line":224,"column":40}},"80":{"start":{"line":228,"column":8},"end":{"line":228,"column":60}},"81":{"start":{"line":232,"column":6},"end":{"line":249,"column":7}},"82":{"start":{"line":233,"column":28},"end":{"line":233,"column":37}},"83":{"start":{"line":234,"column":23},"end":{"line":234,"column":47}},"84":{"start":{"line":237,"column":8},"end":{"line":248,"column":9}},"85":{"start":{"line":238,"column":10},"end":{"line":238,"column":29}},"86":{"start":{"line":241,"column":10},"end":{"line":241,"column":57}},"87":{"start":{"line":244,"column":10},"end":{"line":247,"column":13}},"88":{"start":{"line":255,"column":19},"end":{"line":258,"column":8}},"89":{"start":{"line":256,"column":22},"end":{"line":256,"column":61}},"90":{"start":{"line":257,"column":6},"end":{"line":257,"column":41}},"91":{"start":{"line":260,"column":4},"end":{"line":273,"column":5}},"92":{"start":{"line":261,"column":21},"end":{"line":261,"column":56}},"93":{"start":{"line":262,"column":22},"end":{"line":262,"column":61}},"94":{"start":{"line":263,"column":24},"end":{"line":263,"column":64}},"95":{"start":{"line":264,"column":26},"end":{"line":264,"column":69}},"96":{"start":{"line":265,"column":26},"end":{"line":265,"column":69}},"97":{"start":{"line":268,"column":6},"end":{"line":268,"column":41}},"98":{"start":{"line":268,"column":18},"end":{"line":268,"column":41}},"99":{"start":{"line":269,"column":6},"end":{"line":269,"column":64}},"100":{"start":{"line":269,"column":19},"end":{"line":269,"column":64}},"101":{"start":{"line":270,"column":6},"end":{"line":270,"column":50}},"102":{"start":{"line":270,"column":21},"end":{"line":270,"column":50}},"103":{"start":{"line":271,"column":6},"end":{"line":271,"column":77}},"104":{"start":{"line":271,"column":32},"end":{"line":271,"column":77}},"105":{"start":{"line":272,"column":6},"end":{"line":272,"column":56}},"106":{"start":{"line":272,"column":23},"end":{"line":272,"column":56}},"107":{"start":{"line":276,"column":4},"end":{"line":278,"column":5}},"108":{"start":{"line":277,"column":6},"end":{"line":277,"column":92}},"109":{"start":{"line":283,"column":4},"end":{"line":283,"column":41}},"110":{"start":{"line":283,"column":34},"end":{"line":283,"column":41}},"111":{"start":{"line":285,"column":21},"end":{"line":298,"column":6}},"112":{"start":{"line":286,"column":31},"end":{"line":286,"column":36}},"113":{"start":{"line":288,"column":6},"end":{"line":293,"column":9}},"114":{"start":{"line":290,"column":8},"end":{"line":292,"column":9}},"115":{"start":{"line":291,"column":10},"end":{"line":291,"column":36}},"116":{"start":{"line":295,"column":6},"end":{"line":297,"column":7}},"117":{"start":{"line":296,"column":8},"end":{"line":296,"column":26}},"118":{"start":{"line":300,"column":4},"end":{"line":303,"column":7}},"119":{"start":{"line":307,"column":2},"end":{"line":314,"column":4}},"120":{"start":{"line":319,"column":4},"end":{"line":319,"column":31}},"121":{"start":{"line":322,"column":4},"end":{"line":322,"column":20}},"122":{"start":{"line":325,"column":4},"end":{"line":325,"column":22}},"123":{"start":{"line":328,"column":4},"end":{"line":328,"column":28}},"124":{"start":{"line":331,"column":4},"end":{"line":337,"column":5}},"125":{"start":{"line":332,"column":6},"end":{"line":336,"column":9}},"126":{"start":{"line":339,"column":4},"end":{"line":343,"column":7}},"127":{"start":{"line":347,"column":2},"end":{"line":351,"column":3}},"128":{"start":{"line":348,"column":4},"end":{"line":348,"column":62}},"129":{"start":{"line":350,"column":4},"end":{"line":350,"column":17}}},"fnMap":{"0":{"name":"(anonymous_0)","decl":{"start":{"line":8,"column":1},"end":{"line":8,"column":2}},"loc":{"start":{"line":8,"column":12},"end":{"line":352,"column":1}},"line":8},"1":{"name":"getVisitorId","decl":{"start":{"line":22,"column":11},"end":{"line":22,"column":23}},"loc":{"start":{"line":22,"column":26},"end":{"line":29,"column":3}},"line":22},"2":{"name":"generateUUID","decl":{"start":{"line":32,"column":11},"end":{"line":32,"column":23}},"loc":{"start":{"line":32,"column":26},"end":{"line":38,"column":3}},"line":32},"3":{"name":"(anonymous_3)","decl":{"start":{"line":33,"column":67},"end":{"line":33,"column":68}},"loc":{"start":{"line":33,"column":79},"end":{"line":37,"column":5}},"line":33},"4":{"name":"extractUTMParams","decl":{"start":{"line":41,"column":11},"end":{"line":41,"column":27}},"loc":{"start":{"line":41,"column":30},"end":{"line":53,"column":3}},"line":41},"5":{"name":"(anonymous_5)","decl":{"start":{"line":45,"column":64},"end":{"line":45,"column":65}},"loc":{"start":{"line":45,"column":73},"end":{"line":50,"column":5}},"line":45},"6":{"name":"saveUTMParams","decl":{"start":{"line":56,"column":11},"end":{"line":56,"column":24}},"loc":{"start":{"line":56,"column":27},"end":{"line":70,"column":3}},"line":56},"7":{"name":"getStoredUTMParams","decl":{"start":{"line":73,"column":11},"end":{"line":73,"column":29}},"loc":{"start":{"line":73,"column":32},"end":{"line":94,"column":3}},"line":73},"8":{"name":"findTrackingLinkId","decl":{"start":{"line":97,"column":11},"end":{"line":97,"column":29}},"loc":{"start":{"line":97,"column":32},"end":{"line":101,"column":3}},"line":97},"9":{"name":"trackEvent","decl":{"start":{"line":104,"column":11},"end":{"line":104,"column":21}},"loc":{"start":{"line":104,"column":49},"end":{"line":147,"column":3}},"line":104},"10":{"name":"(anonymous_10)","decl":{"start":{"line":135,"column":10},"end":{"line":135,"column":11}},"loc":{"start":{"line":135,"column":22},"end":{"line":140,"column":5}},"line":135},"11":{"name":"(anonymous_11)","decl":{"start":{"line":141,"column":10},"end":{"line":141,"column":11}},"loc":{"start":{"line":141,"column":18},"end":{"line":143,"column":5}},"line":141},"12":{"name":"(anonymous_12)","decl":{"start":{"line":144,"column":11},"end":{"line":144,"column":12}},"loc":{"start":{"line":144,"column":20},"end":{"line":146,"column":5}},"line":144},"13":{"name":"identifyLead","decl":{"start":{"line":150,"column":11},"end":{"line":150,"column":23}},"loc":{"start":{"line":150,"column":39},"end":{"line":167,"column":3}},"line":150},"14":{"name":"trackFormSubmission","decl":{"start":{"line":170,"column":11},"end":{"line":170,"column":30}},"loc":{"start":{"line":170,"column":54},"end":{"line":176,"column":3}},"line":170},"15":{"name":"addUTMToUrl","decl":{"start":{"line":179,"column":11},"end":{"line":179,"column":22}},"loc":{"start":{"line":179,"column":28},"end":{"line":201,"column":3}},"line":179},"16":{"name":"rewriteCTALinks","decl":{"start":{"line":204,"column":11},"end":{"line":204,"column":26}},"loc":{"start":{"line":204,"column":29},"end":{"line":251,"column":3}},"line":204},"17":{"name":"(anonymous_17)","decl":{"start":{"line":210,"column":18},"end":{"line":210,"column":19}},"loc":{"start":{"line":210,"column":26},"end":{"line":250,"column":5}},"line":210},"18":{"name":"(anonymous_18)","decl":{"start":{"line":213,"column":39},"end":{"line":213,"column":40}},"loc":{"start":{"line":213,"column":51},"end":{"line":225,"column":9}},"line":213},"19":{"name":"initializeFromAttributes","decl":{"start":{"line":254,"column":11},"end":{"line":254,"column":35}},"loc":{"start":{"line":254,"column":38},"end":{"line":279,"column":3}},"line":254},"20":{"name":"(anonymous_20)","decl":{"start":{"line":255,"column":46},"end":{"line":255,"column":47}},"loc":{"start":{"line":255,"column":52},"end":{"line":258,"column":5}},"line":255},"21":{"name":"setupMutationObserver","decl":{"start":{"line":282,"column":11},"end":{"line":282,"column":32}},"loc":{"start":{"line":282,"column":35},"end":{"line":304,"column":3}},"line":282},"22":{"name":"(anonymous_22)","decl":{"start":{"line":285,"column":42},"end":{"line":285,"column":43}},"loc":{"start":{"line":285,"column":55},"end":{"line":298,"column":5}},"line":285},"23":{"name":"(anonymous_23)","decl":{"start":{"line":288,"column":24},"end":{"line":288,"column":25}},"loc":{"start":{"line":288,"column":36},"end":{"line":293,"column":7}},"line":288},"24":{"name":"initialize","decl":{"start":{"line":317,"column":11},"end":{"line":317,"column":21}},"loc":{"start":{"line":317,"column":24},"end":{"line":344,"column":3}},"line":317}},"branchMap":{"0":{"loc":{"start":{"line":24,"column":4},"end":{"line":27,"column":5}},"type":"if","locations":[{"start":{"line":24,"column":4},"end":{"line":27,"column":5}},{"start":{},"end":{}}],"line":24},"1":{"loc":{"start":{"line":35,"column":16},"end":{"line":35,"column":47}},"type":"cond-expr","locations":[{"start":{"line":35,"column":28},"end":{"line":35,"column":29}},{"start":{"line":35,"column":33},"end":{"line":35,"column":46}}],"line":35},"2":{"loc":{"start":{"line":47,"column":6},"end":{"line":49,"column":7}},"type":"if","locations":[{"start":{"line":47,"column":6},"end":{"line":49,"column":7}},{"start":{},"end":{}}],"line":47},"3":{"loc":{"start":{"line":60,"column":4},"end":{"line":69,"column":5}},"type":"if","locations":[{"start":{"line":60,"column":4},"end":{"line":69,"column":5}},{"start":{},"end":{}}],"line":60},"4":{"loc":{"start":{"line":76,"column":4},"end":{"line":76,"column":33}},"type":"if","locations":[{"start":{"line":76,"column":4},"end":{"line":76,"column":33}},{"start":{},"end":{}}],"line":76},"5":{"loc":{"start":{"line":82,"column":6},"end":{"line":88,"column":7}},"type":"if","locations":[{"start":{"line":82,"column":6},"end":{"line":88,"column":7}},{"start":{"line":84,"column":13},"end":{"line":88,"column":7}}],"line":82},"6":{"loc":{"start":{"line":82,"column":10},"end":{"line":82,"column":57}},"type":"binary-expr","locations":[{"start":{"line":82,"column":10},"end":{"line":82,"column":25}},{"start":{"line":82,"column":29},"end":{"line":82,"column":57}}],"line":82},"7":{"loc":{"start":{"line":104,"column":33},"end":{"line":104,"column":47}},"type":"default-arg","locations":[{"start":{"line":104,"column":45},"end":{"line":104,"column":47}}],"line":104},"8":{"loc":{"start":{"line":111,"column":22},"end":{"line":111,"column":99}},"type":"cond-expr","locations":[{"start":{"line":111,"column":61},"end":{"line":111,"column":73}},{"start":{"line":111,"column":77},"end":{"line":111,"column":98}}],"line":111},"9":{"loc":{"start":{"line":111,"column":77},"end":{"line":111,"column":98}},"type":"binary-expr","locations":[{"start":{"line":111,"column":77},"end":{"line":111,"column":92}},{"start":{"line":111,"column":96},"end":{"line":111,"column":98}}],"line":111},"10":{"loc":{"start":{"line":122,"column":4},"end":{"line":124,"column":5}},"type":"if","locations":[{"start":{"line":122,"column":4},"end":{"line":124,"column":5}},{"start":{},"end":{}}],"line":122},"11":{"loc":{"start":{"line":136,"column":6},"end":{"line":138,"column":7}},"type":"if","locations":[{"start":{"line":136,"column":6},"end":{"line":138,"column":7}},{"start":{},"end":{}}],"line":136},"12":{"loc":{"start":{"line":150,"column":24},"end":{"line":150,"column":37}},"type":"default-arg","locations":[{"start":{"line":150,"column":35},"end":{"line":150,"column":37}}],"line":150},"13":{"loc":{"start":{"line":162,"column":4},"end":{"line":164,"column":5}},"type":"if","locations":[{"start":{"line":162,"column":4},"end":{"line":164,"column":5}},{"start":{},"end":{}}],"line":162},"14":{"loc":{"start":{"line":170,"column":39},"end":{"line":170,"column":52}},"type":"default-arg","locations":[{"start":{"line":170,"column":50},"end":{"line":170,"column":52}}],"line":170},"15":{"loc":{"start":{"line":182,"column":4},"end":{"line":182,"column":32}},"type":"if","locations":[{"start":{"line":182,"column":4},"end":{"line":182,"column":32}},{"start":{},"end":{}}],"line":182},"16":{"loc":{"start":{"line":190,"column":8},"end":{"line":192,"column":9}},"type":"if","locations":[{"start":{"line":190,"column":8},"end":{"line":192,"column":9}},{"start":{},"end":{}}],"line":190},"17":{"loc":{"start":{"line":212,"column":6},"end":{"line":229,"column":7}},"type":"if","locations":[{"start":{"line":212,"column":6},"end":{"line":229,"column":7}},{"start":{},"end":{}}],"line":212},"18":{"loc":{"start":{"line":216,"column":24},"end":{"line":216,"column":39}},"type":"binary-expr","locations":[{"start":{"line":216,"column":24},"end":{"line":216,"column":31}},{"start":{"line":216,"column":35},"end":{"line":216,"column":39}}],"line":216},"19":{"loc":{"start":{"line":217,"column":27},"end":{"line":217,"column":49}},"type":"binary-expr","locations":[{"start":{"line":217,"column":27},"end":{"line":217,"column":41}},{"start":{"line":217,"column":45},"end":{"line":217,"column":49}}],"line":217},"20":{"loc":{"start":{"line":218,"column":26},"end":{"line":218,"column":58}},"type":"binary-expr","locations":[{"start":{"line":218,"column":26},"end":{"line":218,"column":50}},{"start":{"line":218,"column":54},"end":{"line":218,"column":58}}],"line":218},"21":{"loc":{"start":{"line":219,"column":18},"end":{"line":219,"column":35}},"type":"binary-expr","locations":[{"start":{"line":219,"column":18},"end":{"line":219,"column":27}},{"start":{"line":219,"column":31},"end":{"line":219,"column":35}}],"line":219},"22":{"loc":{"start":{"line":232,"column":6},"end":{"line":249,"column":7}},"type":"if","locations":[{"start":{"line":232,"column":6},"end":{"line":249,"column":7}},{"start":{},"end":{}}],"line":232},"23":{"loc":{"start":{"line":232,"column":10},"end":{"line":232,"column":57}},"type":"binary-expr","locations":[{"start":{"line":232,"column":10},"end":{"line":232,"column":30}},{"start":{"line":232,"column":34},"end":{"line":232,"column":43}},{"start":{"line":232,"column":47},"end":{"line":232,"column":57}}],"line":232},"24":{"loc":{"start":{"line":237,"column":8},"end":{"line":248,"column":9}},"type":"if","locations":[{"start":{
[...]
{"line":87,"column":8},"end":{"line":87,"column":20}},"33":{"start":{"line":90,"column":6},"end":{"line":90,"column":70}},"34":{"start":{"line":91,"column":6},"end":{"line":91,"column":45}},"35":{"start":{"line":92,"column":6},"end":{"line":92,"column":18}},"36":{"start":{"line":99,"column":22},"end":{"line":99,"column":65}},"37":{"start":{"line":100,"column":4},"end":{"line":100,"column":36}},"38":{"start":{"line":105,"column":22},"end":{"line":105,"column":36}},"39":{"start":{"line":106,"column":25},"end":{"line":106,"column":43}},"40":{"start":{"line":107,"column":28},"end":{"line":107,"column":48}},"41":{"start":{"line":108,"column":27},"end":{"line":108,"column":47}},"42":{"start":{"line":111,"column":22},"end":{"line":111,"column":99}},"43":{"start":{"line":113,"column":20},"end":{"line":120,"column":5}},"44":{"start":{"line":123,"column":4},"end":{"line":125,"column":5}},"45":{"start":{"line":124,"column":6},"end":{"line":124,"column":48}},"46":{"start":{"line":127,"column":4},"end":{"line":127,"column":68}},"47":{"start":{"line":129,"column":4},"end":{"line":147,"column":7}},"48":{"start":{"line":137,"column":6},"end":{"line":139,"column":7}},"49":{"start":{"line":138,"column":8},"end":{"line":138,"column":75}},"50":{"start":{"line":140,"column":6},"end":{"line":140,"column":29}},"51":{"start":{"line":143,"column":6},"end":{"line":143,"column":61}},"52":{"start":{"line":146,"column":6},"end":{"line":146,"column":59}},"53":{"start":{"line":152,"column":22},"end":{"line":152,"column":36}},"54":{"start":{"line":155,"column":4},"end":{"line":158,"column":7}},"55":{"start":{"line":160,"column":4},"end":{"line":160,"column":64}},"56":{"start":{"line":163,"column":4},"end":{"line":165,"column":5}},"57":{"start":{"line":164,"column":6},"end":{"line":164,"column":59}},"58":{"start":{"line":167,"column":4},"end":{"line":167,"column":50}},"59":{"start":{"line":172,"column":4},"end":{"line":176,"column":7}},"60":{"start":{"line":181,"column":23},"end":{"line":181,"column":43}},"61":{"start":{"line":183,"column":4},"end":{"line":183,"column":32}},"62":{"start":{"line":183,"column":21},"end":{"line":183,"column":32}},"63":{"start":{"line":185,"column":4},"end":{"line":201,"column":5}},"64":{"start":{"line":186,"column":21},"end":{"line":186,"column":33}},"65":{"start":{"line":187,"column":24},"end":{"line":187,"column":58}},"66":{"start":{"line":190,"column":6},"end":{"line":194,"column":7}},"67":{"start":{"line":191,"column":8},"end":{"line":193,"column":9}},"68":{"start":{"line":192,"column":10},"end":{"line":192,"column":36}},"69":{"start":{"line":196,"column":6},"end":{"line":196,"column":43}},"70":{"start":{"line":197,"column":6},"end":{"line":197,"column":31}},"71":{"start":{"line":199,"column":6},"end":{"line":199,"column":73}},"72":{"start":{"line":200,"column":6},"end":{"line":200,"column":17}},"73":{"start":{"line":206,"column":23},"end":{"line":206,"column":43}},"74":{"start":{"line":208,"column":4},"end":{"line":208,"column":28}},"75":{"start":{"line":208,"column":21},"end":{"line":208,"column":28}},"76":{"start":{"line":210,"column":18},"end":{"line":210,"column":61}},"77":{"start":{"line":212,"column":4},"end":{"line":232,"column":7}},"78":{"start":{"line":214,"column":6},"end":{"line":231,"column":7}},"79":{"start":{"line":215,"column":28},"end":{"line":215,"column":37}},"80":{"start":{"line":216,"column":23},"end":{"line":216,"column":47}},"81":{"start":{"line":219,"column":8},"end":{"line":230,"column":9}},"82":{"start":{"line":220,"column":10},"end":{"line":220,"column":29}},"83":{"start":{"line":223,"column":10},"end":{"line":223,"column":57}},"84":{"start":{"line":226,"column":10},"end":{"line":229,"column":13}},"85":{"start":{"line":237,"column":19},"end":{"line":240,"column":8}},"86":{"start":{"line":238,"column":22},"end":{"line":238,"column":61}},"87":{"start":{"line":239,"column":6},"end":{"line":239,"column":41}},"88":{"start":{"line":242,"column":4},"end":{"line":255,"column":5}},"89":{"start":{"line":243,"column":21},"end":{"line":243,"column":56}},"90":{"start":{"line":244,"column":22},"end":{"line":244,"column":61}},"91":{"start":{"line":245,"column":24},"end":{"line":245,"column":64}},"92":{"start":{"line":246,"column":26},"end":{"line":246,"column":69}},"93":{"start":{"line":247,"column":26},"end":{"line":247,"column":69}},"94":{"start":{"line":250,"column":6},"end":{"line":250,"column":41}},"95":{"start":{"line":250,"column":18},"end":{"line":250,"column":41}},"96":{"start":{"line":251,"column":6},"end":{"line":251,"column":64}},"97":{"start":{"line":251,"column":19},"end":{"line":251,"column":64}},"98":{"start":{"line":252,"column":6},"end":{"line":252,"column":50}},"99":{"start":{"line":252,"column":21},"end":{"line":252,"column":50}},"100":{"start":{"line":253,"column":6},"end":{"line":253,"column":77}},"101":{"start":{"line":253,"column":32},"end":{"line":253,"column":77}},"102":{"start":{"line":254,"column":6},"end":{"line":254,"column":56}},"103":{"start":{"line":254,"column":23},"end":{"line":254,"column":56}},"104":{"start":{"line":258,"column":4},"end":{"line":260,"column":5}},"105":{"start":{"line":259,"column":6},"end":{"line":259,"column":92}},"106":{"start":{"line":265,"column":4},"end":{"line":265,"column":41}},"107":{"start":{"line":265,"column":34},"end":{"line":265,"column":41}},"108":{"start":{"line":267,"column":21},"end":{"line":280,"column":6}},"109":{"start":{"line":268,"column":31},"end":{"line":268,"column":36}},"110":{"start":{"line":270,"column":6},"end":{"line":275,"column":9}},"111":{"start":{"line":272,"column":8},"end":{"line":274,"column":9}},"112":{"start":{"line":273,"column":10},"end":{"line":273,"column":36}},"113":{"start":{"line":277,"column":6},"end":{"line":279,"column":7}},"114":{"start":{"line":278,"column":8},"end":{"line":278,"column":26}},"115":{"start":{"line":282,"column":4},"end":{"line":285,"column":7}},"116":{"start":{"line":289,"column":2},"end":{"line":296,"column":4}},"117":{"start":{"line":301,"column":4},"end":{"line":301,"column":31}},"118":{"start":{"line":304,"column":4},"end":{"line":304,"column":20}},"119":{"start":{"line":307,"column":4},"end":{"line":307,"column":22}},"120":{"start":{"line":310,"column":4},"end":{"line":310,"column":28}},"121":{"start":{"line":313,"column":4},"end":{"line":319,"column":5}},"122":{"start":{"line":314,"column":6},"end":{"line":318,"column":9}},"123":{"start":{"line":321,"column":4},"end":{"line":325,"column":7}},"124":{"start":{"line":329,"column":2},"end":{"line":333,"column":3}},"125":{"start":{"line":330,"column":4},"end":{"line":330,"column":62}},"126":{"start":{"line":332,"column":4},"end":{"line":332,"column":17}}},"fnMap":{"0":{"name":"(anonymous_0)","decl":{"start":{"line":8,"column":1},"end":{"line":8,"column":2}},"loc":{"start":{"line":8,"column":12},"end":{"line":334,"column":1}},"line":8},"1":{"name":"getVisitorId","decl":{"start":{"line":22,"column":11},"end":{"line":22,"column":23}},"loc":{"start":{"line":22,"column":26},"end":{"line":29,"column":3}},"line":22},"2":{"name":"generateUUID","decl":{"start":{"line":32,"column":11},"end":{"line":32,"column":23}},"loc":{"start":{"line":32,"column":26},"end":{"line":38,"column":3}},"line":32},"3":{"name":"(anonymous_3)","decl":{"start":{"line":33,"column":67},"end":{"line":33,"column":68}},"loc":{"start":{"line":33,"column":79},"end":{"line":37,"column":5}},"line":33},"4":{"name":"extractUTMParams","decl":{"start":{"line":41,"column":11},"end":{"line":41,"column":27}},"loc":{"start":{"line":41,"column":30},"end":{"line":53,"column":3}},"line":41},"5":{"name":"(anonymous_5)","decl":{"start":{"line":45,"column":64},"end":{"line":45,"column":65}},"loc":{"start":{"line":45,"column":73},"end":{"line":50,"column":5}},"line":45},"6":{"name":"saveUTMParams","decl":{"start":{"line":56,"column":11},"end":{"line":56,"column":24}},"loc":{"start":{"line":56,"column":27},"end":{"line":70,"column":3}},"line":56},"7":{"name":"getStoredUTMParams","decl":{"start":{"line":73,"column":11},"end":{"line":73,"column":29}},"loc":{"start":{"line":73,"column":32},"end":{"line":94,"column":3}},"line":73},"8":{"name":"findTrackingLinkId","decl":{"start":{"line":97,"column":11},"end":{"line":97,"column":29}},"loc":{"start":{"line":97,"column":32},"end":{"line":101,"column":3}},"line":97},"9":{"name":"trackEvent","decl":{"start":{"line":104,"column":11},"end":{"line":104,"column":21}},"loc":{"start":{"line":104,"column":49},"end":{"line":148,"column":3}},"line":104},"10":{"name":"(anonymous_10)","decl":{"start":{"line":136,"column":10},"end":{"line":136,"column":11}},"loc":{"start":{"line":136,"column":22},"end":{"line":141,"column":5}},"line":136},"11":{"name":"(anonymous_11)","decl":{"start":{"line":142,"column":10},"end":{"line":142,"column":11}},"loc":{"start":{"line":142,"column":18},"end":{"line":144,"column":5}},"line":142},"12":{"name":"(anonymous_12)","decl":{"start":{"line":145,"column":11},"end":{"line":145,"column":12}},"loc":{"start":{"line":145,"column":20},"end":{"line":147,"column":5}},"line":145},"13":{"name":"identifyLead","decl":{"start":{"line":151,"column":11},"end":{"line":151,"column":23}},"loc":{"start":{"line":151,"column":39},"end":{"line":168,"column":3}},"line":151},"14":{"name":"trackFormSubmission","decl":{"start":{"line":171,"column":11},"end":{"line":171,"column":30}},"loc":{"start":{"line":171,"column":54},"end":{"line":177,"column":3}},"line":171},"15":{"name":"addUTMToUrl","decl":{"start":{"line":180,"column":11},"end":{"line":180,"column":22}},"loc":{"start":{"line":180,"column":28},"end":{"line":202,"column":3}},"line":180},"16":{"name":"rewriteCTALinks","decl":{"start":{"line":205,"column":11},"end":{"line":205,"column":26}},"loc":{"start":{"line":205,"column":29},"end":{"line":233,"column":3}},"line":205},"17":{"name":"(anonymous_17)","decl":{"start":{"line":212,"column":18},"end":{"line":212,"column":19}},"loc":{"start":{"line":212,"column":26},"end":{"line":232,"column":5}},"line":212},"18":{"name":"initializeFromAttributes","decl":{"start":{"line":236,"column":11},"end":{"line":236,"column":35}},"loc":{"start":{"line":236,"column":38},"end":{"line":261,"column":3}},"line":236},"19":{"name":"(anonymous_19)","decl":{"start":{"line":237,"column":46},"end":{"line":237,"column":47}},"loc":{"start":{"line":237,"column":52},"end":{"line":240,"column":5}},"line":237},"20":{"name":"setupMutationObserver","decl":{"start":{"line":264,"column":11},"end":{"line":264,"column":32}},"loc":{"start":{"line":264,"column":35},"end":{"line":286,"column":3}},"line":264},"21":{"name":"(anonymous_21)","decl":{"start":{"line":267,"column":42},"end":{"line":267,"column":43}},"loc":{"start":{"line":267,"column":55},"end":{"line":280,"column":5}},"line":267},"22":{"name":"(anonymous_22)","decl":{"start":{"line":270,"column":24},"end":{"line":270,"column":25}},"loc":{"start":{"line":270,"column":36},"end":{"line":275,"column":7}},"line":270},"23":{"name":"initialize","decl":{"start":{"line":299,"column":11},"end":{"line":299,"column":21}},"loc":{"start":{"line":299,"column":24},"end":{"line":326,"column":3}},"line":299}},"branchMap":{"0":{"loc":{"start":{"line":24,"column":4},"end":{"line":27,"column":5}},"type":"if","locations":[{"start":{"line":24,"column":4},"end":{"line":27,"column":5}},{"start":{},"end":{}}],"line":24},"1":{"loc":{"start":{"line":35,"column":16},"end":{"line":35,"column":47}},"type":"cond-expr","locations":[{"start":{"line":35,"column":28},"end":{"line":35,"column":29}},{"start":{"line":35,"column":33},"end":{"line":35,"column":46}}],"line":35},"2":{"loc":{"start":{"line":47,"column":6},"end":{"line":49,"column":7}},"type":"if","locations":[{"start":{"line":47,"column":6},"end":{"line":49,"column":7}},{"start":{},"end":{}}],"line":47},"3":{"loc":{"start":{"line":60,"column":4},"end":{"line":69,"column":5}},"type":"if","locations":[{"start":{"line":60,"column":4},"end":{"line":69,"column":5}},{"start":{},"end":{}}],"line":60},"4":{"loc":{"start":{"line":76,"column":4},"end":{"line":76,"column":33}},"type":"if","locations":[{"start":{"line":76,"column":4},"end":{"line":76,"column":33}},{"start":{},"end":{}}],"line":76},"5":{"loc":{"start":{"line":82,"column":6},"end":{"line":88,"column":7}},"type":"if","locations":[{"start":{"line":82,"column":6},"end":{"line":88,"column":7}},{"start":{"line":84,"column":13},"end":{"line":88,"column":7}}],"line":82},"6":{"loc":{"start":{"line":82,"column":10},"end":{"line":82,"column":57}},"type":"binary-expr","locations":[{"start":{"line":82,"column":10},"end":{"line":82,"column":25}},{"start":{"line":82,"column":29},"end":{"line":82,"column":57}}],"line":82},"7":{"loc":{"start":{"line":104,"column":33},"end":{"line":104,"column":47}},"type":"default-arg","locations":[{"start":{"line":104,"column":45},"end":{"line":104,"column":47}}],"line":104},"8":{"loc":{"start":{"line":111,"column":22},"end":{"line":111,"column":99}},"type":"cond-expr","locations":[{"start":{"line":111,"column":61},"end":{"line":111,"column":73}},{"start":{"line":111,"column":77},"end":{"line":111,"column":98}}],"line":111},"9":{"loc":{"start":{"line":111,"column":77},"end":{"line":111,"column":98}},"type":"binary-expr","locations":[{"start":{"line":111,"column":77},"end":{"line":111,"column":92}},{"start":{"line":111,"column":96},"end":{"line":111,"column":98}}],"line":111},"10":{"loc":{"start":{"line":123,"column":4},"end":{"line":125,"column":5}},"type":"if","locations":[{"start":{"line":123,"column":4},"end":{"line":125,"column":5}},{"start":{},"end":{}}],"line":123},"11":{"loc":{"start":{"line":137,"column":6},"end":{"line":139,"column":7}},"type":"if","locations":[{"start":{"line":137,"column":6},"end":{"line":139,"column":7}},{"start":{},"end":{}}],"line":137},"12":{"loc":{"start":{"line":151,"column":24},"end":{"line":151,"column":37}},"type":"default-arg","locations":[{"start":{"line":151,"column":35},"end":{"line":151,"column":37}}],"line":151},"13":{"loc":{"start":{"line":163,"column":4},"end":{"line":165,"column":5}},"type":"if","locations":[{"start":{"line":163,"column":4},"end":{"line":165,"column":5}},{"start":{},"end":{}}],"line":163},"14":{"loc":{"start":{"line":171,"column":39},"end":{"line":171,"column":52}},"type":"default-arg","locations":[{"start":{"line":171,"column":50},"end":{"line":171,"column":52}}],"line":171},"15":{"loc":{"start":{"line":183,"column":4},"end":{"line":183,"column":32}},"type":"if","locations":[{"start":{"line":183,"column":4},"end":{"line":183,"column":32}},{"start":{},"end":{}}],"line":183},"16":{"loc":{"start":{"line":191,"column":8},"end":{"line":193,"column":9}},"type":"if","locations":[{"start":{"line":191,"column":8},"end":{"line":193,"column":9}},{"start":{},"end":{}}],"line":191},"17":{"loc":{"start":{"line":208,"column":4},"end":{"line":208,"column":28}},"type":"if","locations":[{"start":{"line":208,"column":4},"end":{"line":208,"column":28}},{"start":{},"end":{}}],"line":208},"18":{"loc":{"start":{"line":214,"column":6},"end":{"line":231,"column":7}},"type":"if","locations":[{"start":{"line":214,"column":6},"end":{"line":231,"column":7}},{"start":{},"end":{}}],"line":214},"19":{"loc":{"start":{"line":214,"column":10},"end":{"line":214,"column":43}},"type":"binary-expr","locations":[{"start":{"line":214,"column":10},"end":{"line":214,"column":30}},{"start":{"line":214,"column":34},"end":{"line":214,"column":43}}],"line":214},"20":{"loc":{"start":{"line":219,"column":8},"end":{"line":230,"column":9}},"type":"if","locations":[{"start":{"line":219,"column":8},"end":{"line":230,"column":9}},{"start":{},"end":{}}],"line":219},"21":{"loc":{"start":{"line":237,"column":19},"end":{"line":240,"column":8}},"type":"binary-expr","locations":[{"start":{"line":237,"column":19},"end":{"line":237,"column":41}},{"start":{"line":237,"column":45},"end":{"line":240,"column":8}}],"line":237},"22":{"loc":{"start":{"line":242,"column":4},"end":{"line":255,"column":5}},"type":"if","locations":[{"start":{"line":242,"column":4},"end":{"line":255,"column":5}},{"start":{},"end":{}}],"line":242},"23":{"loc":{"start":{"line":250,"column":6},"end":{"line":250,"column":41}},"type":"if","locations":[{"start":{"line":250,"column":6},"end":{"line":250,"column":41}},{"start":{},"end":{}}],"line":250},"24":{"loc":{"start":{"line":251,"column":6},"end":{"line":251,"column":64}},"type":"if","locations":[{"start":{"line":251,"column":6},"end":{"line":251,"column":64}},{"start":{},"end":{}}],"line":251},"25":{"loc":{"start":{"line":251,"column":36},"end":{"line":251,"column":63}},"type":"binary-expr","locations":[{"start":{"line":251,"column":36},"end":{"line":251,"column":57}},{"start":{"line":251,"column":61},"end":{"line":251,"column":63}}],"line":251},"26":{"loc":{"start":{"line":252,"column":6},"end":{"line":252,"column":50}},"type":"if","locations":[{"start":{"line":252,"column":6},"end":{"line":252,"column":50}},{"start":{},"end":{}}],"line":252},"27":{"loc":{"start":{"line":253,"column":6},"end":{"line":253,"column":77}},"type":"if","locations":[{"start":{"line":253,"column":6},"end":{"line":253,"column":77}},{"start":{},"end":{}}],"line":253},"28":{"loc":{"start":{"line":254,"column":6},"end":{"line":254,"column":56}},"type":"if","locations":[{"start":{"line":254,"column":6},"end":{"line":254,"column":56}},{"start":{},"end":{}}],"line":254},"29":{"loc":{"start":{"line":258,"column":4},"end":{"line":260,"column":5}},"type":"if","locations":[{"start":{"line":258,"column":4},"end":{"line":260,"column":5}},{"start":{},"end":{}}],"line":258},"30":{"loc":{"start":{"line":265,"column":4},"end":{"line":265,"column":41}},"type":"if","locations":[{"start":{"line":265,"column":4},"end":{"line":265,"column":41}},{"start":{},"end":{}}],"line":265},"31":{"loc":{"start":{"line":272,"column":8},"end":{"line":274,"column":9}},"type":"if","locations":[{"start":{"line":272,"column":8},"end":{"line":274,"column":9}},{"start":{},"end":{}}],"line":272},"32":{"loc":{"start":{"line":277,"column":6},"end":{"line":279,"column":7}},"type":"if","locations":[{"start":{"line":277,"column":6},"end":{"line":279,"column":7}},{"start":{},"end":{}}],"line":277},"33":{"loc":{"start":{"line":313,"column":4},"end":{"line":319,"column":5}},"type":"if","locations":[{"start":{"line":313,"column":4},"end":{"line":319,"column":5}},{"start":{},"end":{}}],"line":313},"34":{"loc":{"start":{"line":329,"column":2},"end":{"line":333,"column":3}},"type":"if","locations":[{"start":{"line":329,"column":2},"end":{"line":333,"column":3}},{"start":{"line":331,"column":9},"end":{"line":333,"column":3}}],"line":329}},"s":{"0":0,"1":0,"2":0,"3":0,"4":0,"5":0,"6":0,"7":0,"8":0,"9":0,"10":0,"11":0,"12":0,"13":0,"14":0,"15":0,"16":0,"17":0,"18":0,"19":0,"20":0,"21":0,"22":0,"23":0,"24":0,"25":0,"26":0,"27":0,"28":0,"29":0,"30":0,"31":0,"32":0,"33":0,"34":0,"35":0,"36":0,"37":0,"38":0,"39":0,"40":0,"41":0,"42":0,"43":0,"44":0,"45":0,"46":0,"47":0,"48":0,"49":0,"50":0,"51":0,"52":0,"53":0,"54":0,"55":0,"56":0,"57":0,"58":0,"59":0,"60":0,"61":0,"62":0,"63":0,"64":0,"65":0,"66":0,"67":0,"68":0,"69":0,"70":0,"71":0,"72":0,"73":0,"74":0,"75":0,"76":0,"77":0,"78":0,"79":0,"80":0,"81":0,"82":0,"83":0,"84":0,"85":0,"86":0,"87":0,"88":0,"89":0,"90":0,"91":0,"92":0,"93":0,"94":0,"95":0,"96":0,"97":0,"98":0,"99":0,"100":0,"101":0,"102":0,"103":0,"104":0,"105":0,"106":0,"107":0,"108":0,"109":0,"110":0,"111":0,"112":0,"113":0,"114":0,"115":0,"116":0,"117":0,"118":0,"119":0,"120":0,"121":0,"122":0,"123":0,"124":0,"125":0,"126":0},"f":{"0":0,"1":0,"2":0,"3":0,"4":0,"5":0,"6":0,"7":0,"8":0,"9":0,"10":0,"11":0,"12":0,"13":0,"14":0,"15":0,"16":0,"17":0,"18":0,"19":0,"20":0,"21":0,"22":0,"23":0},"b":{"0":[0,0],"1":[0,0],"2":[0,0],"3":[0,0],"4":[0,0],"5":[0,0],"6":[0,0],"7":[0],"8":[0,0],"9":[0,0],"10":[0,0],"11":[0,0],"12":[0],"13":[0,0],"14":[0],"15":[0,0],"16":[0,0],"17":[0,0],"18":[0,0],"19":[0,0],"20":[0,0],"21":[0,0],"22":[0,0],"23":[0,0],"24":[0,0],"25":[0,0],"26":[0,0],"27":[0,0],"28":[0,0],"29":[0,0],"30":[0,0],"31":[0,0],"32":[0,0],"33":[0,0],"34":[0,0]},"inputSourceMap":null}
}
