TN:
SF:public/bridging.js
FN:23,initialize
FN:56,getVisitorId
FN:67,getStoredUTMParams
FN:90,initializeFromAttributes
FN:119,attachToCalendlyButtons
FN:125,(anonymous_5)
FN:142,preprocessCalendlyLink
FN:194,handleCalendlyClick
FN:238,attachToPaymentButtons
FN:244,(anonymous_9)
FN:258,handlePaymentClick
FN:298,createStripeCheckout
FN:330,(anonymous_12)
FN:336,(anonymous_13)
FN:347,(anonymous_14)
FN:354,setupMutationObserver
FN:358,(anonymous_16)
FN:362,(anonymous_17)
FN:364,(anonymous_18)
FN:402,setupFormListener
FN:404,(anonymous_20)
FN:532,setupCalendlyListener
FN:534,(anonymous_22)
FN:603,setupCalendlyPrefill
FN:621,(anonymous_24)
FN:637,(anonymous_25)
FN:638,(anonymous_26)
FN:640,(anonymous_27)
FN:655,(anonymous_28)
FN:681,(anonymous_29)
FN:705,init
FNF:31
FNH:9
FNDA:2,initialize
FNDA:0,getVisitorId
FNDA:0,getStoredUTMParams
FNDA:2,initializeFromAttributes
FNDA:2,attachToCalendlyButtons
FNDA:0,(anonymous_5)
FNDA:0,preprocessCalendlyLink
FNDA:0,handleCalendlyClick
FNDA:2,attachToPaymentButtons
FNDA:0,(anonymous_9)
FNDA:0,handlePaymentClick
FNDA:0,createStripeCheckout
FNDA:0,(anonymous_12)
FNDA:0,(anonymous_13)
FNDA:0,(anonymous_14)
FNDA:2,setupMutationObserver
FNDA:0,(anonymous_16)
FNDA:0,(anonymous_17)
FNDA:0,(anonymous_18)
FNDA:3,setupFormListener
FNDA:0,(anonymous_20)
FNDA:3,setupCalendlyListener
FNDA:0,(anonymous_22)
FNDA:3,setupCalendlyPrefill
FNDA:1,(anonymous_24)
FNDA:0,(anonymous_25)
FNDA:0,(anonymous_26)
FNDA:0,(anonymous_27)
FNDA:0,(anonymous_28)
FNDA:0,(anonymous_29)
FNDA:0,init
DA:11,1
DA:13,1
DA:25,2
DA:26,0
DA:27,0
DA:31,2
DA:34,2
DA:35,2
DA:38,2
DA:41,2
DA:44,2
DA:47,2
DA:50,2
DA:51,0
DA:58,0
DA:59,0
DA:63,0
DA:69,0
DA:70,0
DA:74,0
DA:75,0
DA:77,0
DA:78,0
DA:79,0
DA:80,0
DA:82,0
DA:84,0
DA:85,0
DA:91,2
DA:92,2
DA:95,0
DA:96,0
DA:97,0
DA:101,0
DA:102,0
DA:103,0
DA:107,0
DA:108,0
DA:109,0
DA:112,0
DA:113,0
DA:114,0
DA:120,2
DA:121,2
DA:122,0
DA:125,2
DA:127,0
DA:129,0
DA:130,0
DA:133,0
DA:135,0
DA:136,0
DA:143,0
DA:144,0
DA:147,0
DA:148,0
DA:149,0
DA:150,0
DA:151,0
DA:152,0
DA:153,0
DA:154,0
DA:156,0
DA:157,0
DA:164,0
DA:170,0
DA:171,0
DA:172,0
DA:173,0
DA:174,0
DA:175,0
DA:176,0
DA:177,0
DA:179,0
DA:180,0
DA:187,0
DA:195,0
DA:196,0
DA:198,0
DA:201,0
DA:202,0
DA:216,0
DA:218,0
DA:219,0
DA:221,0
DA:222,0
DA:224,0
DA:225,0
DA:232,0
DA:239,2
DA:240,2
DA:241,0
DA:244,2
DA:246,0
DA:248,0
DA:249,0
DA:251,0
DA:252,0
DA:259,0
DA:260,0
DA:262,0
DA:265,0
DA:266,0
DA:276,0
DA:277,0
DA:278,0
DA:281,0
DA:282,0
DA:284,0
DA:299,0
DA:300,0
DA:301,0
DA:302,0
DA:305,0
DA:306,0
DA:307,0
DA:310,0
DA:320,0
DA:321,0
DA:325,0
DA:331,0
DA:332,0
DA:334,0
DA:337,0
DA:338,0
DA:341,0
DA:342,0
DA:345,0
DA:348,0
DA:349,0
DA:356,2
DA:358,2
DA:359,0
DA:360,0
DA:362,0
DA:363,0
DA:364,0
DA:366,0
DA:367,0
DA:371,0
DA:374,0
DA:378,0
DA:386,0
DA:387,0
DA:391,2
DA:396,2
DA:397,0
DA:404,3
DA:406,0
DA:408,0
DA:413,0
DA:427,0
DA:439,0
DA:442,0
DA:445,0
DA:448,0
DA:449,0
DA:453,0
DA:454,0
DA:458,0
DA:459,0
DA:463,0
DA:464,0
DA:465,0
DA:466,0
DA:467,0
DA:469,0
DA:470,0
DA:471,0
DA:477,0
DA:478,0
DA:479,0
DA:481,0
DA:484,0
DA:485,0
DA:488,0
DA:489,0
DA:490,0
DA:495,0
DA:499,0
DA:513,0
DA:515,0
DA:516,0
DA:526,3
DA:527,0
DA:534,3
DA:537,0
DA:541,0
DA:546,0
DA:549,0
DA:550,0
DA:551,0
DA:555,0
DA:556,0
DA:557,0
DA:558,0
DA:560,0
DA:564,0
DA:568,0
DA:585,0
DA:587,0
DA:588,0
DA:597,3
DA:598,0
DA:605,3
DA:608,3
DA:609,2
DA:610,0
DA:612,2
DA:615,1
DA:616,0
DA:620,1
DA:621,1
DA:622,1
DA:623,1
DA:625,1
DA:626,1
DA:628,1
DA:629,0
DA:632,0
DA:637,1
DA:638,0
DA:639,0
DA:640,0
DA:641,0
DA:643,0
DA:644,0
DA:645,0
DA:646,0
DA:647,0
DA:649,0
DA:654,0
DA:655,0
DA:656,0
DA:657,0
DA:658,0
DA:659,0
DA:661,0
DA:671,1
DA:676,1
DA:677,0
DA:681,1
DA:682,0
DA:684,0
DA:685,0
DA:689,0
DA:690,0
DA:691,0
DA:693,0
DA:694,0
DA:696,0
DA:697,0
DA:707,0
DA:708,0
DA:709,0
DA:710,0
DA:711,0
DA:713,0
DA:714,0
DA:718,0
DA:722,1
DA:724,1
DA:731,1
DA:732,0
DA:734,1
DA:739,1
DA:740,1
LF:267
LH:49
BRDA:25,0,0,0
BRDA:25,0,1,2
BRDA:25,1,0,2
BRDA:25,1,1,2
BRDA:25,2,0,2
BRDA:25,2,1,2
BRDA:25,2,2,2
BRDA:50,3,0,0
BRDA:50,3,1,2
BRDA:58,4,0,0
BRDA:58,4,1,0
BRDA:58,5,0,0
BRDA:58,5,1,0
BRDA:63,6,0,0
BRDA:63,6,1,0
BRDA:69,7,0,0
BRDA:69,7,1,0
BRDA:69,8,0,0
BRDA:69,8,1,0
BRDA:75,9,0,0
BRDA:75,9,1,0
BRDA:79,10,0,0
BRDA:79,10,1,0
BRDA:79,11,0,0
BRDA:79,11,1,0
BRDA:80,12,0,0
BRDA:80,12,1,0
BRDA:92,13,0,2
BRDA:92,13,1,0
BRDA:96,14,0,0
BRDA:96,14,1,0
BRDA:102,15,0,0
BRDA:102,15,1,0
BRDA:108,16,0,0
BRDA:108,16,1,0
BRDA:113,17,0,0
BRDA:113,17,1,0
BRDA:121,18,0,0
BRDA:121,18,1,2
BRDA:127,19,0,0
BRDA:127,19,1,0
BRDA:135,20,0,0
BRDA:135,20,1,0
BRDA:144,21,0,0
BRDA:144,21,1,0
BRDA:147,22,0,0
BRDA:147,22,1,0
BRDA:147,23,0,0
BRDA:147,23,1,0
BRDA:149,24,0,0
BRDA:149,24,1,0
BRDA:149,25,0,0
BRDA:149,25,1,0
BRDA:156,26,0,0
BRDA:156,26,1,0
BRDA:170,27,0,0
BRDA:170,27,1,0
BRDA:172,28,0,0
BRDA:172,28,1,0
BRDA:172,29,0,0
BRDA:172,29,1,0
BRDA:179,30,0,0
BRDA:179,30,1,0
BRDA:196,31,0,0
BRDA:196,31,1,0
BRDA:201,32,0,0
BRDA:201,32,1,0
BRDA:201,33,0,0
BRDA:201,33,1,0
BRDA:205,34,0,0
BRDA:205,34,1,0
BRDA:206,35,0,0
BRDA:206,35,1,0
BRDA:207,36,0,0
BRDA:207,36,1,0
BRDA:216,37,0,0
BRDA:216,37,1,0
BRDA:219,38,0,0
BRDA:219,38,1,0
BRDA:224,39,0,0
BRDA:224,39,1,0
BRDA:240,40,0,0
BRDA:240,40,1,2
BRDA:246,41,0,0
BRDA:246,41,1,0
BRDA:251,42,0,0
BRDA:251,42,1,0
BRDA:260,43,0,0
BRDA:260,43,1,0
BRDA:265,44,0,0
BRDA:265,44,1,0
BRDA:265,45,0,0
BRDA:265,45,1,0
BRDA:269,46,0,0
BRDA:269,46,1,0
BRDA:270,47,0,0
BRDA:270,47,1,0
BRDA:271,48,0,0
BRDA:271,48,1,0
BRDA:277,49,0,0
BRDA:277,49,1,0
BRDA:278,50,0,0
BRDA:278,50,1,0
BRDA:281,51,0,0
BRDA:281,51,1,0
BRDA:298,52,0,0
BRDA:300,53,0,0
BRDA:300,53,1,0
BRDA:305,54,0,0
BRDA:305,54,1,0
BRDA:312,55,0,0
BRDA:312,55,1,0
BRDA:313,56,0,0
BRDA:313,56,1,0
BRDA:320,57,0,0
BRDA:320,57,1,0
BRDA:331,58,0,0
BRDA:331,58,1,0
BRDA:337,59,0,0
BRDA:337,59,1,0
BRDA:341,60,0,0
BRDA:341,60,1,0
BRDA:356,61,0,0
BRDA:356,61,1,2
BRDA:363,62,0,0
BRDA:363,62,1,0
BRDA:363,63,0,0
BRDA:363,63,1,0
BRDA:366,64,0,0
BRDA:366,64,1,0
BRDA:367,65,0,0
BRDA:367,65,1,0
BRDA:367,66,0,0
BRDA:367,66,1,0
BRDA:367,66,2,0
BRDA:374,67,0,0
BRDA:374,67,1,0
BRDA:374,68,0,0
BRDA:374,68,1,0
BRDA:374,68,2,0
BRDA:386,69,0,0
BRDA:386,69,1,0
BRDA:387,70,0,0
BRDA:387,70,1,0
BRDA:396,71,0,0
BRDA:396,71,1,2
BRDA:406,72,0,0
BRDA:406,72,1,0
BRDA:413,73,0,0
BRDA:413,73,1,0
BRDA:413,73,2,0
BRDA:413,73,3,0
BRDA:413,73,4,0
BRDA:413,73,5,0
BRDA:413,73,6,0
BRDA:413,73,7,0
BRDA:427,74,0,0
BRDA:427,74,1,0
BRDA:427,74,2,0
BRDA:427,74,3,0
BRDA:427,74,4,0
BRDA:427,74,5,0
BRDA:427,74,6,0
BRDA:427,74,7,0
BRDA:427,74,8,0
BRDA:439,75,0,0
BRDA:439,75,1,0
BRDA:439,76,0,0
BRDA:439,76,1,0
BRDA:448,77,0,0
BRDA:448,77,1,0
BRDA:453,78,0,0
BRDA:453,78,1,0
BRDA:458,79,0,0
BRDA:458,79,1,0
BRDA:463,80,0,0
BRDA:463,80,1,0
BRDA:466,81,0,0
BRDA:466,81,1,0
BRDA:467,82,0,0
BRDA:467,82,1,0
BRDA:469,83,0,0
BRDA:469,83,1,0
BRDA:469,84,0,0
BRDA:469,84,1,0
BRDA:477,85,0,0
BRDA:477,85,1,0
BRDA:477,86,0,0
BRDA:477,86,1,0
BRDA:478,87,0,0
BRDA:478,87,1,0
BRDA:488,88,0,0
BRDA:488,88,1,0
BRDA:488,89,0,0
BRDA:488,89,1,0
BRDA:489,90,0,0
BRDA:489,90,1,0
BRDA:504,91,0,0
BRDA:504,91,1,0
BRDA:505,92,0,0
BRDA:505,92,1,0
BRDA:506,93,0,0
BRDA:506,93,1,0
BRDA:515,94,0,0
BRDA:515,94,1,0
BRDA:526,95,0,0
BRDA:526,95,1,3
BRDA:537,96,0,0
BRDA:537,96,1,0
BRDA:541,97,0,0
BRDA:541,97,1,0
BRDA:541,97,2,0
BRDA:546,98,0,0
BRDA:546,98,1,0
BRDA:549,99,0,0
BRDA:549,99,1,0
BRDA:550,100,0,0
BRDA:550,100,1,0
BRDA:556,101,0,0
BRDA:556,101,1,0
BRDA:557,102,0,0
BRDA:557,102,1,0
BRDA:564,103,0,0
BRDA:564,103,1,0
BRDA:587,104,0,0
BRDA:587,104,1,0
BRDA:597,105,0,0
BRDA:597,105,1,3
BRDA:605,106,0,3
BRDA:605,106,1,2
BRDA:608,107,0,2
BRDA:608,107,1,1
BRDA:609,108,0,0
BRDA:609,108,1,2
BRDA:615,109,0,0
BRDA:615,109,1,1
BRDA:628,110,0,0
BRDA:628,110,1,1
BRDA:639,111,0,0
BRDA:639,111,1,0
BRDA:639,112,0,0
BRDA:639,112,1,0
BRDA:641,113,0,0
BRDA:641,113,1,0
BRDA:643,114,0,0
BRDA:643,114,1,0
BRDA:643,115,0,0
BRDA:643,115,1,0
BRDA:643,115,2,0
BRDA:676,116,0,0
BRDA:676,116,1,1
BRDA:682,117,0,0
BRDA:682,117,1,0
BRDA:685,118,0,0
BRDA:685,118,1,0
BRDA:685,118,2,0
BRDA:689,119,0,0
BRDA:689,119,1,0
BRDA:689,120,0,0
BRDA:689,120,1,0
BRDA:691,121,0,0
BRDA:691,121,1,0
BRDA:696,122,0,0
BRDA:696,122,1,0
BRDA:705,123,0,0
BRDA:707,124,0,0
BRDA:707,124,1,0
BRDA:708,125,0,0
BRDA:708,125,1,0
BRDA:709,126,0,0
BRDA:709,126,1,0
BRDA:710,127,0,0
BRDA:710,127,1,0
BRDA:713,128,0,0
BRDA:713,128,1,0
BRDA:722,129,0,1
BRDA:722,129,1,0
BRDA:722,130,0,1
BRDA:722,130,1,1
BRDA:731,131,0,0
BRDA:731,131,1,1
BRDA:739,132,0,1
BRDA:739,132,1,0
BRDA:739,133,0,1
BRDA:739,133,1,1
BRF:285
BRH:29
end_of_record
TN:
SF:public/funnel-doctor.js
FN:8,(anonymous_0)
FN:22,getVisitorId
FN:32,generateUUID
FN:33,(anonymous_3)
FN:41,extractUTMParams
FN:45,(anonymous_5)
FN:56,saveUTMParams
FN:73,getStoredUTMParams
FN:97,findTrackingLinkId
FN:104,trackEvent
FN:135,(anonymous_10)
FN:141,(anonymous_11)
FN:144,(anonymous_12)
FN:150,identifyLead
FN:170,trackFormSubmission
FN:179,addUTMToUrl
FN:204,rewriteCTALinks
FN:210,(anonymous_17)
FN:213,(anonymous_18)
FN:254,initializeFromAttributes
FN:255,(anonymous_20)
FN:282,setupMutationObserver
FN:285,(anonymous_22)
FN:288,(anonymous_23)
FN:317,initialize
FNF:25
FNH:0
FNDA:0,(anonymous_0)
FNDA:0,getVisitorId
FNDA:0,generateUUID
FNDA:0,(anonymous_3)
FNDA:0,extractUTMParams
FNDA:0,(anonymous_5)
FNDA:0,saveUTMParams
FNDA:0,getStoredUTMParams
FNDA:0,findTrackingLinkId
FNDA:0,trackEvent
FNDA:0,(anonymous_10)
FNDA:0,(anonymous_11)
FNDA:0,(anonymous_12)
FNDA:0,identifyLead
FNDA:0,trackFormSubmission
FNDA:0,addUTMToUrl
FNDA:0,rewriteCTALinks
FNDA:0,(anonymous_17)
FNDA:0,(anonymous_18)
FNDA:0,initializeFromAttributes
FNDA:0,(anonymous_20)
FNDA:0,setupMutationObserver
FNDA:0,(anonymous_22)
FNDA:0,(anonymous_23)
FNDA:0,initialize
DA:8,0
DA:10,0
DA:19,0
DA:23,0
DA:24,0
DA:25,0
DA:26,0
DA:28,0
DA:33,0
DA:34,0
DA:35,0
DA:36,0
DA:42,0
DA:43,0
DA:45,0
DA:46,0
DA:47,0
DA:48,0
DA:52,0
DA:57,0
DA:60,0
DA:62,0
DA:67,0
DA:68,0
DA:74,0
DA:76,0
DA:78,0
DA:79,0
DA:82,0
DA:83,0
DA:86,0
DA:87,0
DA:90,0
DA:91,0
DA:92,0
DA:99,0
DA:100,0
DA:105,0
DA:106,0
DA:107,0
DA:108,0
DA:111,0
DA:113,0
DA:122,0
DA:123,0
DA:126,0
DA:128,0
DA:136,0
DA:137,0
DA:139,0
DA:142,0
DA:145,0
DA:151,0
DA:154,0
DA:159,0
DA:162,0
DA:163,0
DA:166,0
DA:171,0
DA:180,0
DA:182,0
DA:184,0
DA:185,0
DA:186,0
DA:189,0
DA:190,0
DA:191,0
DA:195,0
DA:196,0
DA:198,0
DA:199,0
DA:205,0
DA:208,0
DA:210,0
DA:212,0
DA:213,0
DA:214,0
DA:224,0
DA:228,0
DA:232,0
DA:233,0
DA:234,0
DA:237,0
DA:238,0
DA:241,0
DA:244,0
DA:255,0
DA:256,0
DA:257,0
DA:260,0
DA:261,0
DA:262,0
DA:263,0
DA:264,0
DA:265,0
DA:268,0
DA:269,0
DA:270,0
DA:271,0
DA:272,0
DA:276,0
DA:277,0
DA:283,0
DA:285,0
DA:286,0
DA:288,0
DA:290,0
DA:291,0
DA:295,0
DA:296,0
DA:300,0
DA:307,0
DA:319,0
DA:322,0
DA:325,0
DA:328,0
DA:331,0
DA:332,0
DA:339,0
DA:347,0
DA:348,0
DA:350,0
LF:122
LH:0
BRDA:24,0,0,0
BRDA:24,0,1,0
BRDA:35,1,0,0
BRDA:35,1,1,0
BRDA:47,2,0,0
BRDA:47,2,1,0
BRDA:60,3,0,0
BRDA:60,3,1,0
BRDA:76,4,0,0
BRDA:76,4,1,0
BRDA:82,5,0,0
BRDA:82,5,1,0
BRDA:82,6,0,0
BRDA:82,6,1,0
BRDA:104,7,0,0
BRDA:111,8,0,0
BRDA:111,8,1,0
BRDA:111,9,0,0
BRDA:111,9,1,0
BRDA:122,10,0,0
BRDA:122,10,1,0
BRDA:136,11,0,0
BRDA:136,11,1,0
BRDA:150,12,0,0
BRDA:162,13,0,0
BRDA:162,13,1,0
BRDA:170,14,0,0
BRDA:182,15,0,0
BRDA:182,15,1,0
BRDA:190,16,0,0
BRDA:190,16,1,0
BRDA:212,17,0,0
BRDA:212,17,1,0
BRDA:216,18,0,0
BRDA:216,18,1,0
BRDA:217,19,0,0
BRDA:217,19,1,0
BRDA:218,20,0,0
BRDA:218,20,1,0
BRDA:219,21,0,0
BRDA:219,21,1,0
BRDA:232,22,0,0
BRDA:232,22,1,0
BRDA:232,23,0,0
BRDA:232,23,1,0
BRDA:232,23,2,0
BRDA:237,24,0,0
BRDA:237,24,1,0
BRDA:255,25,0,0
BRDA:255,25,1,0
BRDA:260,26,0,0
BRDA:260,26,1,0
BRDA:268,27,0,0
BRDA:268,27,1,0
BRDA:269,28,0,0
BRDA:269,28,1,0
BRDA:269,29,0,0
BRDA:269,29,1,0
BRDA:270,30,0,0
BRDA:270,30,1,0
BRDA:271,31,0,0
BRDA:271,31,1,0
BRDA:272,32,0,0
BRDA:272,32,1,0
BRDA:276,33,0,0
BRDA:276,33,1,0
BRDA:283,34,0,0
BRDA:283,34,1,0
BRDA:290,35,0,0
BRDA:290,35,1,0
BRDA:295,36,0,0
BRDA:295,36,1,0
BRDA:331,37,0,0
BRDA:331,37,1,0
BRDA:347,38,0,0
BRDA:347,38,1,0
BRF:76
BRH:0
end_of_record
TN:
SF:public/assets/funnel-doctor.js
FN:8,(anonymous_0)
FN:22,getVisitorId
FN:32,generateUUID
FN:33,(anonymous_3)
FN:41,extractUTMParams
FN:45,(anonymous_5)
FN:56,saveUTMParams
FN:73,getStoredUTMParams
FN:97,findTrackingLinkId
FN:104,trackEvent
FN:136,(anonymous_10)
FN:142,(anonymous_11)
FN:145,(anonymous_12)
FN:151,identifyLead
FN:171,trackFormSubmission
FN:180,addUTMToUrl
FN:205,rewriteCTALinks
FN:212,(anonymous_17)
FN:236,initializeFromAttributes
FN:237,(anonymous_19)
FN:264,setupMutationObserver
FN:267,(anonymous_21)
FN:270,(anonymous_22)
FN:299,initialize
FNF:24
FNH:0
FNDA:0,(anonymous_0)
FNDA:0,getVisitorId
FNDA:0,generateUUID
FNDA:0,(anonymous_3)
FNDA:0,extractUTMParams
FNDA:0,(anonymous_5)
FNDA:0,saveUTMParams
FNDA:0,getStoredUTMParams
FNDA:0,findTrackingLinkId
FNDA:0,trackEvent
FNDA:0,(anonymous_10)
FNDA:0,(anonymous_11)
FNDA:0,(anonymous_12)
FNDA:0,identifyLead
FNDA:0,trackFormSubmission
FNDA:0,addUTMToUrl
FNDA:0,rewriteCTALinks
FNDA:0,(anonymous_17)
FNDA:0,initializeFromAttributes
FNDA:0,(anonymous_19)
FNDA:0,setupMutationObserver
FNDA:0,(anonymous_21)
FNDA:0,(anonymous_22)
FNDA:0,initialize
DA:8,0
DA:10,0
DA:19,0
DA:23,0
DA:24,0
DA:25,0
DA:26,0
DA:28,0
DA:33,0
DA:34,0
DA:35,0
DA:36,0
DA:42,0
DA:43,0
DA:45,0
DA:46,0
DA:47,0
DA:48,0
DA:52,0
DA:57,0
DA:60,0
DA:62,0
DA:67,0
DA:68,0
DA:74,0
DA:76,0
DA:78,0
DA:79,0
DA:82,0
DA:83,0
DA:86,0
DA:87,0
DA:90,0
DA:91,0
DA:92,0
DA:99,0
DA:100,0
DA:105,0
DA:106,0
DA:107,0
DA:108,0
DA:111,0
DA:113,0
DA:123,0
DA:124,0
DA:127,0
DA:129,0
DA:137,0
DA:138,0
DA:140,0
DA:143,0
DA:146,0
DA:152,0
DA:155,0
DA:160,0
DA:163,0
DA:164,0
DA:167,0
DA:172,0
DA:181,0
DA:183,0
DA:185,0
DA:186,0
DA:187,0
DA:190,0
DA:191,0
DA:192,0
DA:196,0
DA:197,0
DA:199,0
DA:200,0
DA:206,0
DA:208,0
DA:210,0
DA:212,0
DA:214,0
DA:215,0
DA:216,0
DA:219,0
DA:220,0
DA:223,0
DA:226,0
DA:237,0
DA:238,0
DA:239,0
DA:242,0
DA:243,0
DA:244,0
DA:245,0
DA:246,0
DA:247,0
DA:250,0
DA:251,0
DA:252,0
DA:253,0
DA:254,0
DA:258,0
DA:259,0
DA:265,0
DA:267,0
DA:268,0
DA:270,0
DA:272,0
DA:273,0
DA:277,0
DA:278,0
DA:282,0
DA:289,0
DA:301,0
DA:304,0
DA:307,0
DA:310,0
DA:313,0
DA:314,0
DA:321,0
DA:329,0
DA:330,0
DA:332,0
LF:118
LH:0
BRDA:24,0,0,0
BRDA:24,0,1,0
BRDA:35,1,0,0
BRDA:35,1,1,0
BRDA:47,2,0,0
BRDA:47,2,1,0
BRDA:60,3,0,0
BRDA:60,3,1,0
BRDA:76,4,0,0
BRDA:76,4,1,0
BRDA:82,5,0,0
BRDA:82,5,1,0
BRDA:82,6,0,0
BRDA:82,6,1,0
BRDA:104,7,0,0
BRDA:111,8,0,0
BRDA:111,8,1,0
BRDA:111,9,0,0
BRDA:111,9,1,0
BRDA:123,10,0,0
BRDA:123,10,1,0
BRDA:137,11,0,0
BRDA:137,11,1,0
BRDA:151,12,0,0
BRDA:163,13,0,0
BRDA:163,13,1,0
BRDA:171,14,0,0
BRDA:183,15,0,0
BRDA:183,15,1,0
BRDA:191,16,0,0
BRDA:191,16,1,0
BRDA:208,17,0,0
BRDA:208,17,1,0
BRDA:214,18,0,0
BRDA:214,18,1,0
BRDA:214,19,0,0
BRDA:214,19,1,0
BRDA:219,20,0,0
BRDA:219,20,1,0
BRDA:237,21,0,0
BRDA:237,21,1,0
BRDA:242,22,0,0
BRDA:242,22,1,0
BRDA:250,23,0,0
BRDA:250,23,1,0
BRDA:251,24,0,0
BRDA:251,24,1,0
BRDA:251,25,0,0
BRDA:251,25,1,0
BRDA:252,26,0,0
BRDA:252,26,1,0
BRDA:253,27,0,0
BRDA:253,27,1,0
BRDA:254,28,0,0
BRDA:254,28,1,0
BRDA:258,29,0,0
BRDA:258,29,1,0
BRDA:265,30,0,0
BRDA:265,30,1,0
BRDA:272,31,0,0
BRDA:272,31,1,0
BRDA:277,32,0,0
BRDA:277,32,1,0
BRDA:313,33,0,0
BRDA:313,33,1,0
BRDA:329,34,0,0
BRDA:329,34,1,0
BRF:67
BRH:0
end_of_record
